<?xml version="1.0" encoding="UTF-8"?>
<testsuite xmlns:xsi="http://www.w3.org/2001/XMLSchema-instance" xsi:noNamespaceSchemaLocation="https://maven.apache.org/surefire/maven-surefire-plugin/xsd/surefire-test-report.xsd" version="3.0.1" name="org.apache.maven.repository.internal.DefaultModelResolverTest" time="0.928" tests="10" errors="0" skipped="0" failures="0">
  <properties>
    <property name="java.specification.version" value="21"/>
    <property name="sun.jnu.encoding" value="UTF-8"/>
    <property name="java.class.path" value="/opt/maven/apache-maven-3.9.9/maven-resolver-provider/target/test-classes:/opt/maven/apache-maven-3.9.9/maven-resolver-provider/target/classes:/opt/maven/apache-maven-3.9.9/maven-model/target/maven-model-3.9.9.jar:/opt/maven/apache-maven-3.9.9/maven-model-builder/target/maven-model-builder-3.9.9.jar:/home/avishkar/.m2/repository/org/codehaus/plexus/plexus-interpolation/1.27/plexus-interpolation-1.27.jar:/opt/maven/apache-maven-3.9.9/maven-artifact/target/maven-artifact-3.9.9.jar:/opt/maven/apache-maven-3.9.9/maven-builder-support/target/maven-builder-support-3.9.9.jar:/home/avishkar/.m2/repository/org/eclipse/sisu/org.eclipse.sisu.inject/0.9.0.M3/org.eclipse.sisu.inject-0.9.0.M3.jar:/opt/maven/apache-maven-3.9.9/maven-repository-metadata/target/maven-repository-metadata-3.9.9.jar:/home/avishkar/.m2/repository/org/apache/maven/resolver/maven-resolver-api/1.9.22/maven-resolver-api-1.9.22.jar:/home/avishkar/.m2/repository/org/apache/maven/resolver/maven-resolver-spi/1.9.22/maven-resolver-spi-1.9.22.jar:/home/avishkar/.m2/repository/org/apache/maven/resolver/maven-resolver-util/1.9.22/maven-resolver-util-1.9.22.jar:/home/avishkar/.m2/repository/org/apache/maven/resolver/maven-resolver-impl/1.9.22/maven-resolver-impl-1.9.22.jar:/home/avishkar/.m2/repository/org/apache/maven/resolver/maven-resolver-named-locks/1.9.22/maven-resolver-named-locks-1.9.22.jar:/home/avishkar/.m2/repository/org/slf4j/slf4j-api/1.7.36/slf4j-api-1.7.36.jar:/home/avishkar/.m2/repository/org/codehaus/plexus/plexus-utils/3.5.1/plexus-utils-3.5.1.jar:/home/avishkar/.m2/repository/javax/inject/javax.inject/1/javax.inject-1.jar:/home/avishkar/.m2/repository/com/google/inject/guice/5.1.0/guice-5.1.0.jar:/home/avishkar/.m2/repository/com/google/guava/guava/33.2.1-jre/guava-33.2.1-jre.jar:/home/avishkar/.m2/repository/com/google/guava/failureaccess/1.0.2/failureaccess-1.0.2.jar:/home/avishkar/.m2/repository/org/apache/maven/resolver/maven-resolver-connector-basic/1.9.22/maven-resolver-connector-basic-1.9.22.jar:/home/avishkar/.m2/repository/org/apache/maven/resolver/maven-resolver-transport-file/1.9.22/maven-resolver-transport-file-1.9.22.jar:/home/avishkar/.m2/repository/org/apache/maven/resolver/maven-resolver-transport-http/1.9.22/maven-resolver-transport-http-1.9.22.jar:/home/avishkar/.m2/repository/org/apache/httpcomponents/httpclient/4.5.14/httpclient-4.5.14.jar:/home/avishkar/.m2/repository/org/apache/httpcomponents/httpcore/4.4.16/httpcore-4.4.16.jar:/home/avishkar/.m2/repository/commons-codec/commons-codec/1.17.1/commons-codec-1.17.1.jar:/home/avishkar/.m2/repository/org/slf4j/jcl-over-slf4j/1.7.36/jcl-over-slf4j-1.7.36.jar:/home/avishkar/.m2/repository/org/eclipse/sisu/org.eclipse.sisu.plexus/0.9.0.M3/org.eclipse.sisu.plexus-0.9.0.M3.jar:/home/avishkar/.m2/repository/org/codehaus/plexus/plexus-component-annotations/2.1.0/plexus-component-annotations-2.1.0.jar:/home/avishkar/.m2/repository/org/codehaus/plexus/plexus-classworlds/2.8.0/plexus-classworlds-2.8.0.jar:/home/avishkar/.m2/repository/org/codehaus/plexus/plexus-xml/3.0.1/plexus-xml-3.0.1.jar:/home/avishkar/.m2/repository/org/mockito/mockito-core/4.11.0/mockito-core-4.11.0.jar:/home/avishkar/.m2/repository/net/bytebuddy/byte-buddy/1.12.19/byte-buddy-1.12.19.jar:/home/avishkar/.m2/repository/net/bytebuddy/byte-buddy-agent/1.12.19/byte-buddy-agent-1.12.19.jar:/home/avishkar/.m2/repository/org/objenesis/objenesis/3.3/objenesis-3.3.jar:/home/avishkar/.m2/repository/org/slf4j/slf4j-simple/1.7.36/slf4j-simple-1.7.36.jar:/home/avishkar/.m2/repository/org/hamcrest/hamcrest/3.0/hamcrest-3.0.jar:/home/avishkar/.m2/repository/junit/junit/4.13.2/junit-4.13.2.jar:/home/avishkar/.m2/repository/org/hamcrest/hamcrest-core/3.0/hamcrest-core-3.0.jar:"/>
    <property name="java.vm.vendor" value="Ubuntu"/>
    <property name="sun.arch.data.model" value="64"/>
    <property name="java.vendor.url" value="https://ubuntu.com/"/>
    <property name="user.timezone" value="Etc/UTC"/>
    <property name="os.name" value="Linux"/>
    <property name="java.vm.specification.version" value="21"/>
    <property name="sun.java.launcher" value="SUN_STANDARD"/>
    <property name="sun.boot.library.path" value="/usr/lib/jvm/java-21-openjdk-amd64/lib"/>
    <property name="sun.java.command" value="/opt/maven/apache-maven-3.9.9/maven-resolver-provider/target/surefire/surefirebooter-20250306185309386_36.jar /opt/maven/apache-maven-3.9.9/maven-resolver-provider/target/surefire 2025-03-06T18-52-03_396-jvmRun1 surefire-20250306185309386_34tmp surefire_7-20250306185309386_35tmp"/>
    <property name="jdk.debug" value="release"/>
    <property name="surefire.test.class.path" value="/opt/maven/apache-maven-3.9.9/maven-resolver-provider/target/test-classes:/opt/maven/apache-maven-3.9.9/maven-resolver-provider/target/classes:/opt/maven/apache-maven-3.9.9/maven-model/target/maven-model-3.9.9.jar:/opt/maven/apache-maven-3.9.9/maven-model-builder/target/maven-model-builder-3.9.9.jar:/home/avishkar/.m2/repository/org/codehaus/plexus/plexus-interpolation/1.27/plexus-interpolation-1.27.jar:/opt/maven/apache-maven-3.9.9/maven-artifact/target/maven-artifact-3.9.9.jar:/opt/maven/apache-maven-3.9.9/maven-builder-support/target/maven-builder-support-3.9.9.jar:/home/avishkar/.m2/repository/org/eclipse/sisu/org.eclipse.sisu.inject/0.9.0.M3/org.eclipse.sisu.inject-0.9.0.M3.jar:/opt/maven/apache-maven-3.9.9/maven-repository-metadata/target/maven-repository-metadata-3.9.9.jar:/home/avishkar/.m2/repository/org/apache/maven/resolver/maven-resolver-api/1.9.22/maven-resolver-api-1.9.22.jar:/home/avishkar/.m2/repository/org/apache/maven/resolver/maven-resolver-spi/1.9.22/maven-resolver-spi-1.9.22.jar:/home/avishkar/.m2/repository/org/apache/maven/resolver/maven-resolver-util/1.9.22/maven-resolver-util-1.9.22.jar:/home/avishkar/.m2/repository/org/apache/maven/resolver/maven-resolver-impl/1.9.22/maven-resolver-impl-1.9.22.jar:/home/avishkar/.m2/repository/org/apache/maven/resolver/maven-resolver-named-locks/1.9.22/maven-resolver-named-locks-1.9.22.jar:/home/avishkar/.m2/repository/org/slf4j/slf4j-api/1.7.36/slf4j-api-1.7.36.jar:/home/avishkar/.m2/repository/org/codehaus/plexus/plexus-utils/3.5.1/plexus-utils-3.5.1.jar:/home/avishkar/.m2/repository/javax/inject/javax.inject/1/javax.inject-1.jar:/home/avishkar/.m2/repository/com/google/inject/guice/5.1.0/guice-5.1.0.jar:/home/avishkar/.m2/repository/com/google/guava/guava/33.2.1-jre/guava-33.2.1-jre.jar:/home/avishkar/.m2/repository/com/google/guava/failureaccess/1.0.2/failureaccess-1.0.2.jar:/home/avishkar/.m2/repository/org/apache/maven/resolver/maven-resolver-connector-basic/1.9.22/maven-resolver-connector-basic-1.9.22.jar:/home/avishkar/.m2/repository/org/apache/maven/resolver/maven-resolver-transport-file/1.9.22/maven-resolver-transport-file-1.9.22.jar:/home/avishkar/.m2/repository/org/apache/maven/resolver/maven-resolver-transport-http/1.9.22/maven-resolver-transport-http-1.9.22.jar:/home/avishkar/.m2/repository/org/apache/httpcomponents/httpclient/4.5.14/httpclient-4.5.14.jar:/home/avishkar/.m2/repository/org/apache/httpcomponents/httpcore/4.4.16/httpcore-4.4.16.jar:/home/avishkar/.m2/repository/commons-codec/commons-codec/1.17.1/commons-codec-1.17.1.jar:/home/avishkar/.m2/repository/org/slf4j/jcl-over-slf4j/1.7.36/jcl-over-slf4j-1.7.36.jar:/home/avishkar/.m2/repository/org/eclipse/sisu/org.eclipse.sisu.plexus/0.9.0.M3/org.eclipse.sisu.plexus-0.9.0.M3.jar:/home/avishkar/.m2/repository/org/codehaus/plexus/plexus-component-annotations/2.1.0/plexus-component-annotations-2.1.0.jar:/home/avishkar/.m2/repository/org/codehaus/plexus/plexus-classworlds/2.8.0/plexus-classworlds-2.8.0.jar:/home/avishkar/.m2/repository/org/codehaus/plexus/plexus-xml/3.0.1/plexus-xml-3.0.1.jar:/home/avishkar/.m2/repository/org/mockito/mockito-core/4.11.0/mockito-core-4.11.0.jar:/home/avishkar/.m2/repository/net/bytebuddy/byte-buddy/1.12.19/byte-buddy-1.12.19.jar:/home/avishkar/.m2/repository/net/bytebuddy/byte-buddy-agent/1.12.19/byte-buddy-agent-1.12.19.jar:/home/avishkar/.m2/repository/org/objenesis/objenesis/3.3/objenesis-3.3.jar:/home/avishkar/.m2/repository/org/slf4j/slf4j-simple/1.7.36/slf4j-simple-1.7.36.jar:/home/avishkar/.m2/repository/org/hamcrest/hamcrest/3.0/hamcrest-3.0.jar:/home/avishkar/.m2/repository/junit/junit/4.13.2/junit-4.13.2.jar:/home/avishkar/.m2/repository/org/hamcrest/hamcrest-core/3.0/hamcrest-core-3.0.jar:"/>
    <property name="sun.cpu.endian" value="little"/>
    <property name="user.home" value="/home/avishkar"/>
    <property name="user.language" value="en"/>
    <property name="java.specification.vendor" value="Oracle Corporation"/>
    <property name="java.version.date" value="2025-01-21"/>
    <property name="java.home" value="/usr/lib/jvm/java-21-openjdk-amd64"/>
    <property name="file.separator" value="/"/>
    <property name="basedir" value="/opt/maven/apache-maven-3.9.9/maven-resolver-provider"/>
    <property name="java.vm.compressedOopsMode" value="32-bit"/>
    <property name="line.separator" value="&#10;"/>
    <property name="java.vm.specification.vendor" value="Oracle Corporation"/>
    <property name="java.specification.name" value="Java Platform API Specification"/>
    <property name="surefire.real.class.path" value="/opt/maven/apache-maven-3.9.9/maven-resolver-provider/target/surefire/surefirebooter-20250306185309386_36.jar"/>
    <property name="sun.management.compiler" value="HotSpot 64-Bit Tiered Compilers"/>
    <property name="java.runtime.version" value="21.0.6+7-Ubuntu-124.04.1"/>
    <property name="user.name" value="avishkar"/>
    <property name="stdout.encoding" value="UTF-8"/>
    <property name="path.separator" value=":"/>
    <property name="os.version" value="5.15.153.1-microsoft-standard-WSL2"/>
    <property name="java.runtime.name" value="OpenJDK Runtime Environment"/>
    <property name="file.encoding" value="UTF-8"/>
    <property name="guice.disable.misplaced.annotation.check" value="true"/>
    <property name="java.vm.name" value="OpenJDK 64-Bit Server VM"/>
    <property name="localRepository" value="/home/avishkar/.m2/repository"/>
    <property name="java.vendor.url.bug" value="https://bugs.launchpad.net/ubuntu/+source/openjdk-21"/>
    <property name="java.io.tmpdir" value="/tmp"/>
    <property name="java.version" value="21.0.6"/>
    <property name="user.dir" value="/opt/maven/apache-maven-3.9.9/maven-resolver-provider"/>
    <property name="os.arch" value="amd64"/>
    <property name="java.vm.specification.name" value="Java Virtual Machine Specification"/>
    <property name="native.encoding" value="UTF-8"/>
    <property name="java.library.path" value="/usr/java/packages/lib:/usr/lib/x86_64-linux-gnu/jni:/lib/x86_64-linux-gnu:/usr/lib/x86_64-linux-gnu:/usr/lib/jni:/lib:/usr/lib"/>
    <property name="stderr.encoding" value="UTF-8"/>
    <property name="java.vm.info" value="mixed mode, sharing"/>
    <property name="java.vendor" value="Ubuntu"/>
    <property name="java.vm.version" value="21.0.6+7-Ubuntu-124.04.1"/>
    <property name="sun.io.unicode.encoding" value="UnicodeLittle"/>
    <property name="java.class.version" value="65.0"/>
  </properties>
  <testcase name="testResolveParentThrowsUnresolvableModelExceptionWhenNotFound" classname="org.apache.maven.repository.internal.DefaultModelResolverTest" time="0.163">
    <system-out><![CDATA[Aether Repository - artifactResolving: ut.simple:artifact:pom:0
Aether Repository - artifactDownloading: ut.simple:artifact:pom:0 from repo (file:/opt/maven/apache-maven-3.9.9/maven-resolver-provider/target/test-classes/repo/, default, releases+snapshots)
Aether Transfer - transferInitiated: Downloading: file:/opt/maven/apache-maven-3.9.9/maven-resolver-provider/target/test-classes/repo/ut/simple/artifact/0/artifact-0.pom

Aether Transfer - transferFailed: class org.eclipse.aether.transfer.ArtifactNotFoundException: Could not find artifact ut.simple:artifact:pom:0 in repo (file:/opt/maven/apache-maven-3.9.9/maven-resolver-provider/target/test-classes/repo/)
Aether Repository - artifactDownloaded: ut.simple:artifact:pom:0 from repo (file:/opt/maven/apache-maven-3.9.9/maven-resolver-provider/target/test-classes/repo/, default, releases+snapshots)
Aether Repository - artifactResolved: ut.simple:artifact:pom:0 from null
]]></system-out>
  </testcase>
  <testcase name="testResolveDependencyThrowsUnresolvableModelExceptionWhenNotFound" classname="org.apache.maven.repository.internal.DefaultModelResolverTest" time="0.1">
    <system-out><![CDATA[Aether Repository - artifactResolving: ut.simple:artifact:pom:0
Aether Repository - artifactDownloading: ut.simple:artifact:pom:0 from repo (file:/opt/maven/apache-maven-3.9.9/maven-resolver-provider/target/test-classes/repo/, default, releases+snapshots)
Aether Transfer - transferInitiated: Downloading: file:/opt/maven/apache-maven-3.9.9/maven-resolver-provider/target/test-classes/repo/ut/simple/artifact/0/artifact-0.pom

Aether Transfer - transferFailed: class org.eclipse.aether.transfer.ArtifactNotFoundException: Could not find artifact ut.simple:artifact:pom:0 in repo (file:/opt/maven/apache-maven-3.9.9/maven-resolver-provider/target/test-classes/repo/)
Aether Repository - artifactDownloaded: ut.simple:artifact:pom:0 from repo (file:/opt/maven/apache-maven-3.9.9/maven-resolver-provider/target/test-classes/repo/, default, releases+snapshots)
Aether Repository - artifactResolved: ut.simple:artifact:pom:0 from null
]]></system-out>
  </testcase>
  <testcase name="testResolveDependencySuccessfullyResolvesExistingDependencyWithoutRange" classname="org.apache.maven.repository.internal.DefaultModelResolverTest" time="0.103">
    <system-out><![CDATA[Aether Repository - artifactResolving: ut.simple:artifact:pom:1.0
Aether Repository - artifactDownloading: ut.simple:artifact:pom:1.0 from repo (file:/opt/maven/apache-maven-3.9.9/maven-resolver-provider/target/test-classes/repo/, default, releases+snapshots)
Aether Transfer - transferInitiated: Downloading: file:/opt/maven/apache-maven-3.9.9/maven-resolver-provider/target/test-classes/repo/ut/simple/artifact/1.0/artifact-1.0.pom
Aether Transfer - transferProgressed: 2/2 KB   Aether Transfer - transferCorrupted: class org.eclipse.aether.transfer.ChecksumFailureException: Checksum validation failed, no checksums available
         
Aether Transfer - transferSucceeded: Downloaded: file:/opt/maven/apache-maven-3.9.9/maven-resolver-provider/target/test-classes/repo/ut/simple/artifact/1.0/artifact-1.0.pom (2 KB at 402.3 KB/sec)
Aether Repository - artifactDownloaded: ut.simple:artifact:pom:1.0 from repo (file:/opt/maven/apache-maven-3.9.9/maven-resolver-provider/target/test-classes/repo/, default, releases+snapshots)
Aether Repository - artifactResolved: ut.simple:artifact:pom:1.0 from repo (file:/opt/maven/apache-maven-3.9.9/maven-resolver-provider/target/test-classes/repo/, default, releases+snapshots)
]]></system-out>
    <system-err><![CDATA[[main] WARN org.eclipse.aether.internal.impl.WarnChecksumPolicy - Could not validate integrity of download from file:/opt/maven/apache-maven-3.9.9/maven-resolver-provider/target/test-classes/repo/ut/simple/artifact/1.0/artifact-1.0.pom
org.eclipse.aether.transfer.ChecksumFailureException: Checksum validation failed, no checksums available
	at org.eclipse.aether.internal.impl.AbstractChecksumPolicy.onNoMoreChecksums(AbstractChecksumPolicy.java:63)
	at org.eclipse.aether.connector.basic.ChecksumValidator.validate(ChecksumValidator.java:112)
	at org.eclipse.aether.connector.basic.BasicRepositoryConnector$GetTaskRunner.runTask(BasicRepositoryConnector.java:484)
	at org.eclipse.aether.connector.basic.BasicRepositoryConnector$TaskRunner.run(BasicRepositoryConnector.java:414)
	at org.eclipse.aether.connector.basic.BasicRepositoryConnector.get(BasicRepositoryConnector.java:260)
	at org.eclipse.aether.internal.impl.DefaultArtifactResolver.performDownloads(DefaultArtifactResolver.java:537)
	at org.eclipse.aether.internal.impl.DefaultArtifactResolver.resolve(DefaultArtifactResolver.java:449)
	at org.eclipse.aether.internal.impl.DefaultArtifactResolver.resolveArtifacts(DefaultArtifactResolver.java:261)
	at org.eclipse.aether.internal.impl.DefaultArtifactResolver.resolveArtifact(DefaultArtifactResolver.java:243)
	at org.apache.maven.repository.internal.DefaultModelResolver.resolveModel(DefaultModelResolver.java:158)
	at org.apache.maven.repository.internal.DefaultModelResolver.resolveModel(DefaultModelResolver.java:248)
	at org.apache.maven.repository.internal.DefaultModelResolverTest.testResolveDependencySuccessfullyResolvesExistingDependencyWithoutRange(DefaultModelResolverTest.java:162)
	at java.base/jdk.internal.reflect.DirectMethodHandleAccessor.invoke(DirectMethodHandleAccessor.java:103)
	at java.base/java.lang.reflect.Method.invoke(Method.java:580)
	at junit.framework.TestCase.runTest(TestCase.java:177)
	at junit.framework.TestCase.runBare(TestCase.java:142)
	at junit.framework.TestResult$1.protect(TestResult.java:122)
	at junit.framework.TestResult.runProtected(TestResult.java:142)
	at junit.framework.TestResult.run(TestResult.java:125)
	at junit.framework.TestCase.run(TestCase.java:130)
	at junit.framework.TestSuite.runTest(TestSuite.java:241)
	at junit.framework.TestSuite.run(TestSuite.java:236)
	at org.junit.internal.runners.JUnit38ClassRunner.run(JUnit38ClassRunner.java:90)
	at org.apache.maven.surefire.junit4.JUnit4Provider.execute(JUnit4Provider.java:316)
	at org.apache.maven.surefire.junit4.JUnit4Provider.executeWithRerun(JUnit4Provider.java:240)
	at org.apache.maven.surefire.junit4.JUnit4Provider.executeTestSet(JUnit4Provider.java:214)
	at org.apache.maven.surefire.junit4.JUnit4Provider.invoke(JUnit4Provider.java:155)
	at org.apache.maven.surefire.booter.ForkedBooter.runSuitesInProcess(ForkedBooter.java:385)
	at org.apache.maven.surefire.booter.ForkedBooter.execute(ForkedBooter.java:162)
	at org.apache.maven.surefire.booter.ForkedBooter.run(ForkedBooter.java:507)
	at org.apache.maven.surefire.booter.ForkedBooter.main(ForkedBooter.java:495)
]]></system-err>
  </testcase>
  <testcase name="testResolveParentSuccessfullyResolvesExistingParentWithoutRange" classname="org.apache.maven.repository.internal.DefaultModelResolverTest" time="0.122">
    <system-out><![CDATA[Aether Repository - artifactResolving: ut.simple:artifact:pom:1.0
Aether Repository - artifactResolved: ut.simple:artifact:pom:1.0 from repo (file:/opt/maven/apache-maven-3.9.9/maven-resolver-provider/target/test-classes/repo/, default, releases+snapshots)
]]></system-out>
  </testcase>
  <testcase name="testResolveParentSuccessfullyResolvesExistingParentUsingHighestVersion" classname="org.apache.maven.repository.internal.DefaultModelResolverTest" time="0.139">
    <system-out><![CDATA[Aether Repository - metadataResolving: ut.simple:artifact/maven-metadata.xml from /opt/maven/apache-maven-3.9.9/maven-resolver-provider/target/local-repo (enhanced)
Aether Repository - metadataResolved: ut.simple:artifact/maven-metadata.xml from /opt/maven/apache-maven-3.9.9/maven-resolver-provider/target/local-repo (enhanced)
Aether Repository - metadataResolving: ut.simple:artifact/maven-metadata.xml from repo (file:/opt/maven/apache-maven-3.9.9/maven-resolver-provider/target/test-classes/repo/, default, releases+snapshots)
Aether Repository - metadataResolving: ut.simple:artifact/maven-metadata.xml from /opt/maven/apache-maven-3.9.9/maven-resolver-provider/target/local-repo (enhanced)
Aether Repository - metadataResolved: ut.simple:artifact/maven-metadata.xml from /opt/maven/apache-maven-3.9.9/maven-resolver-provider/target/local-repo (enhanced)
Aether Repository - metadataResolving: ut.simple:artifact/maven-metadata.xml from repo (file:/opt/maven/apache-maven-3.9.9/maven-resolver-provider/target/test-classes/repo/, default, releases+snapshots)
Aether Transfer - transferInitiated: Downloading: file:/opt/maven/apache-maven-3.9.9/maven-resolver-provider/target/test-classes/repo/ut/simple/artifact/maven-metadata.xml
Aether Transfer - transferProgressed: 2/2 KB   Aether Transfer - transferCorrupted: class org.eclipse.aether.transfer.ChecksumFailureException: Checksum validation failed, no checksums available
         
Aether Transfer - transferSucceeded: Downloaded: file:/opt/maven/apache-maven-3.9.9/maven-resolver-provider/target/test-classes/repo/ut/simple/artifact/maven-metadata.xml (2 KB at 330.3 KB/sec)
Aether Repository - metadataResolved: ut.simple:artifact/maven-metadata.xml from repo (file:/opt/maven/apache-maven-3.9.9/maven-resolver-provider/target/test-classes/repo/, default, releases+snapshots)
Aether Repository - artifactResolving: ut.simple:artifact:pom:1.0
Aether Repository - artifactResolved: ut.simple:artifact:pom:1.0 from repo (file:/opt/maven/apache-maven-3.9.9/maven-resolver-provider/target/test-classes/repo/, default, releases+snapshots)
]]></system-out>
    <system-err><![CDATA[[main] WARN org.eclipse.aether.internal.impl.WarnChecksumPolicy - Could not validate integrity of download from file:/opt/maven/apache-maven-3.9.9/maven-resolver-provider/target/test-classes/repo/ut/simple/artifact/maven-metadata.xml
org.eclipse.aether.transfer.ChecksumFailureException: Checksum validation failed, no checksums available
	at org.eclipse.aether.internal.impl.AbstractChecksumPolicy.onNoMoreChecksums(AbstractChecksumPolicy.java:63)
	at org.eclipse.aether.connector.basic.ChecksumValidator.validate(ChecksumValidator.java:112)
	at org.eclipse.aether.connector.basic.BasicRepositoryConnector$GetTaskRunner.runTask(BasicRepositoryConnector.java:484)
	at org.eclipse.aether.connector.basic.BasicRepositoryConnector$TaskRunner.run(BasicRepositoryConnector.java:414)
	at org.eclipse.aether.connector.basic.BasicRepositoryConnector.get(BasicRepositoryConnector.java:215)
	at org.eclipse.aether.internal.impl.DefaultMetadataResolver$ResolveTask.run(DefaultMetadataResolver.java:556)
	at org.eclipse.aether.util.concurrency.RunnableErrorForwarder.lambda$wrap$0(RunnableErrorForwarder.java:66)
	at org.eclipse.aether.internal.impl.DefaultMetadataResolver.resolve(DefaultMetadataResolver.java:352)
	at org.eclipse.aether.internal.impl.DefaultMetadataResolver.resolveMetadata(DefaultMetadataResolver.java:180)
	at org.apache.maven.repository.internal.DefaultVersionRangeResolver.getVersions(DefaultVersionRangeResolver.java:192)
	at org.apache.maven.repository.internal.DefaultVersionRangeResolver.resolveVersionRange(DefaultVersionRangeResolver.java:145)
	at org.apache.maven.repository.internal.DefaultModelResolver.resolveModel(DefaultModelResolver.java:178)
	at org.apache.maven.repository.internal.DefaultModelResolverTest.testResolveParentSuccessfullyResolvesExistingParentUsingHighestVersion(DefaultModelResolverTest.java:107)
	at java.base/jdk.internal.reflect.DirectMethodHandleAccessor.invoke(DirectMethodHandleAccessor.java:103)
	at java.base/java.lang.reflect.Method.invoke(Method.java:580)
	at junit.framework.TestCase.runTest(TestCase.java:177)
	at junit.framework.TestCase.runBare(TestCase.java:142)
	at junit.framework.TestResult$1.protect(TestResult.java:122)
	at junit.framework.TestResult.runProtected(TestResult.java:142)
	at junit.framework.TestResult.run(TestResult.java:125)
	at junit.framework.TestCase.run(TestCase.java:130)
	at junit.framework.TestSuite.runTest(TestSuite.java:241)
	at junit.framework.TestSuite.run(TestSuite.java:236)
	at org.junit.internal.runners.JUnit38ClassRunner.run(JUnit38ClassRunner.java:90)
	at org.apache.maven.surefire.junit4.JUnit4Provider.execute(JUnit4Provider.java:316)
	at org.apache.maven.surefire.junit4.JUnit4Provider.executeWithRerun(JUnit4Provider.java:240)
	at org.apache.maven.surefire.junit4.JUnit4Provider.executeTestSet(JUnit4Provider.java:214)
	at org.apache.maven.surefire.junit4.JUnit4Provider.invoke(JUnit4Provider.java:155)
	at org.apache.maven.surefire.booter.ForkedBooter.runSuitesInProcess(ForkedBooter.java:385)
	at org.apache.maven.surefire.booter.ForkedBooter.execute(ForkedBooter.java:162)
	at org.apache.maven.surefire.booter.ForkedBooter.run(ForkedBooter.java:507)
	at org.apache.maven.surefire.booter.ForkedBooter.main(ForkedBooter.java:495)
]]></system-err>
  </testcase>
  <testcase name="testResolveDependencyThrowsUnresolvableModelExceptionWhenNoMatchingVersionFound" classname="org.apache.maven.repository.internal.DefaultModelResolverTest" time="0.073">
    <system-out><![CDATA[Aether Repository - metadataResolving: ut.simple:artifact/maven-metadata.xml from /opt/maven/apache-maven-3.9.9/maven-resolver-provider/target/local-repo (enhanced)
Aether Repository - metadataResolved: ut.simple:artifact/maven-metadata.xml from /opt/maven/apache-maven-3.9.9/maven-resolver-provider/target/local-repo (enhanced)
Aether Repository - metadataResolving: ut.simple:artifact/maven-metadata.xml from repo (file:/opt/maven/apache-maven-3.9.9/maven-resolver-provider/target/test-classes/repo/, default, releases+snapshots)
Aether Repository - metadataResolved: ut.simple:artifact/maven-metadata.xml from repo (file:/opt/maven/apache-maven-3.9.9/maven-resolver-provider/target/test-classes/repo/, default, releases+snapshots)
]]></system-out>
  </testcase>
  <testcase name="testResolveDependencySuccessfullyResolvesExistingDependencyUsingHighestVersion" classname="org.apache.maven.repository.internal.DefaultModelResolverTest" time="0.055">
    <system-out><![CDATA[Aether Repository - metadataResolving: ut.simple:artifact/maven-metadata.xml from /opt/maven/apache-maven-3.9.9/maven-resolver-provider/target/local-repo (enhanced)
Aether Repository - metadataResolved: ut.simple:artifact/maven-metadata.xml from /opt/maven/apache-maven-3.9.9/maven-resolver-provider/target/local-repo (enhanced)
Aether Repository - metadataResolving: ut.simple:artifact/maven-metadata.xml from repo (file:/opt/maven/apache-maven-3.9.9/maven-resolver-provider/target/test-classes/repo/, default, releases+snapshots)
Aether Repository - metadataResolved: ut.simple:artifact/maven-metadata.xml from repo (file:/opt/maven/apache-maven-3.9.9/maven-resolver-provider/target/test-classes/repo/, default, releases+snapshots)
Aether Repository - artifactResolving: ut.simple:artifact:pom:1.0
Aether Repository - artifactResolved: ut.simple:artifact:pom:1.0 from repo (file:/opt/maven/apache-maven-3.9.9/maven-resolver-provider/target/test-classes/repo/, default, releases+snapshots)
]]></system-out>
  </testcase>
  <testcase name="testResolveDependencyThrowsUnresolvableModelExceptionWhenUsingRangesWithoutUpperBound" classname="org.apache.maven.repository.internal.DefaultModelResolverTest" time="0.059">
    <system-out><![CDATA[Aether Repository - metadataResolving: ut.simple:artifact/maven-metadata.xml from /opt/maven/apache-maven-3.9.9/maven-resolver-provider/target/local-repo (enhanced)
Aether Repository - metadataResolved: ut.simple:artifact/maven-metadata.xml from /opt/maven/apache-maven-3.9.9/maven-resolver-provider/target/local-repo (enhanced)
Aether Repository - metadataResolving: ut.simple:artifact/maven-metadata.xml from repo (file:/opt/maven/apache-maven-3.9.9/maven-resolver-provider/target/test-classes/repo/, default, releases+snapshots)
Aether Repository - metadataResolved: ut.simple:artifact/maven-metadata.xml from repo (file:/opt/maven/apache-maven-3.9.9/maven-resolver-provider/target/test-classes/repo/, default, releases+snapshots)
]]></system-out>
  </testcase>
  <testcase name="testResolveParentThrowsUnresolvableModelExceptionWhenNoMatchingVersionFound" classname="org.apache.maven.repository.internal.DefaultModelResolverTest" time="0.06">
    <system-out><![CDATA[Aether Repository - metadataResolving: ut.simple:artifact/maven-metadata.xml from /opt/maven/apache-maven-3.9.9/maven-resolver-provider/target/local-repo (enhanced)
Aether Repository - metadataResolved: ut.simple:artifact/maven-metadata.xml from /opt/maven/apache-maven-3.9.9/maven-resolver-provider/target/local-repo (enhanced)
Aether Repository - metadataResolving: ut.simple:artifact/maven-metadata.xml from repo (file:/opt/maven/apache-maven-3.9.9/maven-resolver-provider/target/test-classes/repo/, default, releases+snapshots)
Aether Repository - metadataResolved: ut.simple:artifact/maven-metadata.xml from repo (file:/opt/maven/apache-maven-3.9.9/maven-resolver-provider/target/test-classes/repo/, default, releases+snapshots)
]]></system-out>
  </testcase>
  <testcase name="testResolveParentThrowsUnresolvableModelExceptionWhenUsingRangesWithoutUpperBound" classname="org.apache.maven.repository.internal.DefaultModelResolverTest" time="0.047">
    <system-out><![CDATA[Aether Repository - metadataResolving: ut.simple:artifact/maven-metadata.xml from /opt/maven/apache-maven-3.9.9/maven-resolver-provider/target/local-repo (enhanced)
Aether Repository - metadataResolved: ut.simple:artifact/maven-metadata.xml from /opt/maven/apache-maven-3.9.9/maven-resolver-provider/target/local-repo (enhanced)
Aether Repository - metadataResolving: ut.simple:artifact/maven-metadata.xml from repo (file:/opt/maven/apache-maven-3.9.9/maven-resolver-provider/target/test-classes/repo/, default, releases+snapshots)
Aether Repository - metadataResolved: ut.simple:artifact/maven-metadata.xml from repo (file:/opt/maven/apache-maven-3.9.9/maven-resolver-provider/target/test-classes/repo/, default, releases+snapshots)
]]></system-out>
  </testcase>
</testsuite>