<?xml version="1.0" encoding="UTF-8"?>
<testsuite xmlns:xsi="http://www.w3.org/2001/XMLSchema-instance" xsi:noNamespaceSchemaLocation="https://maven.apache.org/surefire/maven-surefire-plugin/xsd/surefire-test-report.xsd" version="3.0.1" name="org.apache.maven.cli.event.ExecutionEventLoggerTest" time="3.614" tests="3" errors="0" skipped="0" failures="0">
  <properties>
    <property name="java.specification.version" value="21"/>
    <property name="sun.jnu.encoding" value="UTF-8"/>
    <property name="java.class.path" value="/opt/maven/apache-maven-3.9.9/maven-embedder/target/test-classes:/opt/maven/apache-maven-3.9.9/maven-embedder/target/classes:/opt/maven/apache-maven-3.9.9/maven-settings/target/maven-settings-3.9.9.jar:/opt/maven/apache-maven-3.9.9/maven-settings-builder/target/maven-settings-builder-3.9.9.jar:/opt/maven/apache-maven-3.9.9/maven-core/target/maven-core-3.9.9.jar:/opt/maven/apache-maven-3.9.9/maven-repository-metadata/target/maven-repository-metadata-3.9.9.jar:/opt/maven/apache-maven-3.9.9/maven-artifact/target/maven-artifact-3.9.9.jar:/opt/maven/apache-maven-3.9.9/maven-resolver-provider/target/maven-resolver-provider-3.9.9.jar:/home/avishkar/.m2/repository/org/apache/maven/resolver/maven-resolver-impl/1.9.22/maven-resolver-impl-1.9.22.jar:/home/avishkar/.m2/repository/org/apache/maven/resolver/maven-resolver-named-locks/1.9.22/maven-resolver-named-locks-1.9.22.jar:/home/avishkar/.m2/repository/org/apache/maven/resolver/maven-resolver-spi/1.9.22/maven-resolver-spi-1.9.22.jar:/home/avishkar/.m2/repository/org/eclipse/sisu/org.eclipse.sisu.inject/0.9.0.M3/org.eclipse.sisu.inject-0.9.0.M3.jar:/home/avishkar/.m2/repository/org/codehaus/plexus/plexus-component-annotations/2.1.0/plexus-component-annotations-2.1.0.jar:/opt/maven/apache-maven-3.9.9/maven-plugin-api/target/maven-plugin-api-3.9.9.jar:/opt/maven/apache-maven-3.9.9/maven-model/target/maven-model-3.9.9.jar:/opt/maven/apache-maven-3.9.9/maven-model-builder/target/maven-model-builder-3.9.9.jar:/opt/maven/apache-maven-3.9.9/maven-builder-support/target/maven-builder-support-3.9.9.jar:/home/avishkar/.m2/repository/org/apache/maven/resolver/maven-resolver-api/1.9.22/maven-resolver-api-1.9.22.jar:/home/avishkar/.m2/repository/org/apache/maven/resolver/maven-resolver-util/1.9.22/maven-resolver-util-1.9.22.jar:/home/avishkar/.m2/repository/org/apache/maven/shared/maven-shared-utils/3.4.2/maven-shared-utils-3.4.2.jar:/home/avishkar/.m2/repository/com/google/inject/guice/5.1.0/guice-5.1.0.jar:/home/avishkar/.m2/repository/aopalliance/aopalliance/1.0/aopalliance-1.0.jar:/home/avishkar/.m2/repository/com/google/guava/guava/33.2.1-jre/guava-33.2.1-jre.jar:/home/avishkar/.m2/repository/com/google/guava/failureaccess/1.0.2/failureaccess-1.0.2.jar:/home/avishkar/.m2/repository/javax/inject/javax.inject/1/javax.inject-1.jar:/home/avishkar/.m2/repository/javax/annotation/javax.annotation-api/1.3.2/javax.annotation-api-1.3.2.jar:/home/avishkar/.m2/repository/org/codehaus/plexus/plexus-utils/3.5.1/plexus-utils-3.5.1.jar:/home/avishkar/.m2/repository/org/codehaus/plexus/plexus-classworlds/2.8.0/plexus-classworlds-2.8.0.jar:/home/avishkar/.m2/repository/org/eclipse/sisu/org.eclipse.sisu.plexus/0.9.0.M3/org.eclipse.sisu.plexus-0.9.0.M3.jar:/home/avishkar/.m2/repository/org/codehaus/plexus/plexus-xml/3.0.1/plexus-xml-3.0.1.jar:/home/avishkar/.m2/repository/org/codehaus/plexus/plexus-sec-dispatcher/2.0/plexus-sec-dispatcher-2.0.jar:/home/avishkar/.m2/repository/org/codehaus/plexus/plexus-cipher/2.0/plexus-cipher-2.0.jar:/home/avishkar/.m2/repository/org/codehaus/plexus/plexus-interpolation/1.27/plexus-interpolation-1.27.jar:/home/avishkar/.m2/repository/org/slf4j/slf4j-api/1.7.36/slf4j-api-1.7.36.jar:/home/avishkar/.m2/repository/org/slf4j/slf4j-simple/1.7.36/slf4j-simple-1.7.36.jar:/home/avishkar/.m2/repository/ch/qos/logback/logback-classic/1.2.13/logback-classic-1.2.13.jar:/home/avishkar/.m2/repository/ch/qos/logback/logback-core/1.2.13/logback-core-1.2.13.jar:/home/avishkar/.m2/repository/commons-cli/commons-cli/1.8.0/commons-cli-1.8.0.jar:/home/avishkar/.m2/repository/commons-io/commons-io/2.16.1/commons-io-2.16.1.jar:/home/avishkar/.m2/repository/org/mockito/mockito-core/4.11.0/mockito-core-4.11.0.jar:/home/avishkar/.m2/repository/net/bytebuddy/byte-buddy/1.12.19/byte-buddy-1.12.19.jar:/home/avishkar/.m2/repository/net/bytebuddy/byte-buddy-agent/1.12.19/byte-buddy-agent-1.12.19.jar:/home/avishkar/.m2/repository/org/objenesis/objenesis/3.3/objenesis-3.3.jar:/home/avishkar/.m2/repository/org/fusesource/jansi/jansi/2.4.1/jansi-2.4.1.jar:/home/avishkar/.m2/repository/org/hamcrest/hamcrest/3.0/hamcrest-3.0.jar:/home/avishkar/.m2/repository/junit/junit/4.13.2/junit-4.13.2.jar:/home/avishkar/.m2/repository/org/hamcrest/hamcrest-core/3.0/hamcrest-core-3.0.jar:"/>
    <property name="java.vm.vendor" value="Ubuntu"/>
    <property name="sun.arch.data.model" value="64"/>
    <property name="java.vendor.url" value="https://ubuntu.com/"/>
    <property name="os.name" value="Linux"/>
    <property name="java.vm.specification.version" value="21"/>
    <property name="sun.java.launcher" value="SUN_STANDARD"/>
    <property name="sun.boot.library.path" value="/usr/lib/jvm/java-21-openjdk-amd64/lib"/>
    <property name="sun.java.command" value="/opt/maven/apache-maven-3.9.9/maven-embedder/target/surefire/surefirebooter-20250306185536133_69.jar /opt/maven/apache-maven-3.9.9/maven-embedder/target/surefire 2025-03-06T18-52-03_396-jvmRun1 surefire-20250306185536133_67tmp surefire_10-20250306185536133_68tmp"/>
    <property name="jdk.debug" value="release"/>
    <property name="surefire.test.class.path" value="/opt/maven/apache-maven-3.9.9/maven-embedder/target/test-classes:/opt/maven/apache-maven-3.9.9/maven-embedder/target/classes:/opt/maven/apache-maven-3.9.9/maven-settings/target/maven-settings-3.9.9.jar:/opt/maven/apache-maven-3.9.9/maven-settings-builder/target/maven-settings-builder-3.9.9.jar:/opt/maven/apache-maven-3.9.9/maven-core/target/maven-core-3.9.9.jar:/opt/maven/apache-maven-3.9.9/maven-repository-metadata/target/maven-repository-metadata-3.9.9.jar:/opt/maven/apache-maven-3.9.9/maven-artifact/target/maven-artifact-3.9.9.jar:/opt/maven/apache-maven-3.9.9/maven-resolver-provider/target/maven-resolver-provider-3.9.9.jar:/home/avishkar/.m2/repository/org/apache/maven/resolver/maven-resolver-impl/1.9.22/maven-resolver-impl-1.9.22.jar:/home/avishkar/.m2/repository/org/apache/maven/resolver/maven-resolver-named-locks/1.9.22/maven-resolver-named-locks-1.9.22.jar:/home/avishkar/.m2/repository/org/apache/maven/resolver/maven-resolver-spi/1.9.22/maven-resolver-spi-1.9.22.jar:/home/avishkar/.m2/repository/org/eclipse/sisu/org.eclipse.sisu.inject/0.9.0.M3/org.eclipse.sisu.inject-0.9.0.M3.jar:/home/avishkar/.m2/repository/org/codehaus/plexus/plexus-component-annotations/2.1.0/plexus-component-annotations-2.1.0.jar:/opt/maven/apache-maven-3.9.9/maven-plugin-api/target/maven-plugin-api-3.9.9.jar:/opt/maven/apache-maven-3.9.9/maven-model/target/maven-model-3.9.9.jar:/opt/maven/apache-maven-3.9.9/maven-model-builder/target/maven-model-builder-3.9.9.jar:/opt/maven/apache-maven-3.9.9/maven-builder-support/target/maven-builder-support-3.9.9.jar:/home/avishkar/.m2/repository/org/apache/maven/resolver/maven-resolver-api/1.9.22/maven-resolver-api-1.9.22.jar:/home/avishkar/.m2/repository/org/apache/maven/resolver/maven-resolver-util/1.9.22/maven-resolver-util-1.9.22.jar:/home/avishkar/.m2/repository/org/apache/maven/shared/maven-shared-utils/3.4.2/maven-shared-utils-3.4.2.jar:/home/avishkar/.m2/repository/com/google/inject/guice/5.1.0/guice-5.1.0.jar:/home/avishkar/.m2/repository/aopalliance/aopalliance/1.0/aopalliance-1.0.jar:/home/avishkar/.m2/repository/com/google/guava/guava/33.2.1-jre/guava-33.2.1-jre.jar:/home/avishkar/.m2/repository/com/google/guava/failureaccess/1.0.2/failureaccess-1.0.2.jar:/home/avishkar/.m2/repository/javax/inject/javax.inject/1/javax.inject-1.jar:/home/avishkar/.m2/repository/javax/annotation/javax.annotation-api/1.3.2/javax.annotation-api-1.3.2.jar:/home/avishkar/.m2/repository/org/codehaus/plexus/plexus-utils/3.5.1/plexus-utils-3.5.1.jar:/home/avishkar/.m2/repository/org/codehaus/plexus/plexus-classworlds/2.8.0/plexus-classworlds-2.8.0.jar:/home/avishkar/.m2/repository/org/eclipse/sisu/org.eclipse.sisu.plexus/0.9.0.M3/org.eclipse.sisu.plexus-0.9.0.M3.jar:/home/avishkar/.m2/repository/org/codehaus/plexus/plexus-xml/3.0.1/plexus-xml-3.0.1.jar:/home/avishkar/.m2/repository/org/codehaus/plexus/plexus-sec-dispatcher/2.0/plexus-sec-dispatcher-2.0.jar:/home/avishkar/.m2/repository/org/codehaus/plexus/plexus-cipher/2.0/plexus-cipher-2.0.jar:/home/avishkar/.m2/repository/org/codehaus/plexus/plexus-interpolation/1.27/plexus-interpolation-1.27.jar:/home/avishkar/.m2/repository/org/slf4j/slf4j-api/1.7.36/slf4j-api-1.7.36.jar:/home/avishkar/.m2/repository/org/slf4j/slf4j-simple/1.7.36/slf4j-simple-1.7.36.jar:/home/avishkar/.m2/repository/ch/qos/logback/logback-classic/1.2.13/logback-classic-1.2.13.jar:/home/avishkar/.m2/repository/ch/qos/logback/logback-core/1.2.13/logback-core-1.2.13.jar:/home/avishkar/.m2/repository/commons-cli/commons-cli/1.8.0/commons-cli-1.8.0.jar:/home/avishkar/.m2/repository/commons-io/commons-io/2.16.1/commons-io-2.16.1.jar:/home/avishkar/.m2/repository/org/mockito/mockito-core/4.11.0/mockito-core-4.11.0.jar:/home/avishkar/.m2/repository/net/bytebuddy/byte-buddy/1.12.19/byte-buddy-1.12.19.jar:/home/avishkar/.m2/repository/net/bytebuddy/byte-buddy-agent/1.12.19/byte-buddy-agent-1.12.19.jar:/home/avishkar/.m2/repository/org/objenesis/objenesis/3.3/objenesis-3.3.jar:/home/avishkar/.m2/repository/org/fusesource/jansi/jansi/2.4.1/jansi-2.4.1.jar:/home/avishkar/.m2/repository/org/hamcrest/hamcrest/3.0/hamcrest-3.0.jar:/home/avishkar/.m2/repository/junit/junit/4.13.2/junit-4.13.2.jar:/home/avishkar/.m2/repository/org/hamcrest/hamcrest-core/3.0/hamcrest-core-3.0.jar:"/>
    <property name="sun.cpu.endian" value="little"/>
    <property name="user.home" value="/home/avishkar"/>
    <property name="user.language" value="en"/>
    <property name="java.specification.vendor" value="Oracle Corporation"/>
    <property name="java.version.date" value="2025-01-21"/>
    <property name="java.home" value="/usr/lib/jvm/java-21-openjdk-amd64"/>
    <property name="file.separator" value="/"/>
    <property name="basedir" value="/opt/maven/apache-maven-3.9.9/maven-embedder"/>
    <property name="java.vm.compressedOopsMode" value="32-bit"/>
    <property name="line.separator" value="&#10;"/>
    <property name="java.vm.specification.vendor" value="Oracle Corporation"/>
    <property name="java.specification.name" value="Java Platform API Specification"/>
    <property name="surefire.real.class.path" value="/opt/maven/apache-maven-3.9.9/maven-embedder/target/surefire/surefirebooter-20250306185536133_69.jar"/>
    <property name="sun.management.compiler" value="HotSpot 64-Bit Tiered Compilers"/>
    <property name="java.runtime.version" value="21.0.6+7-Ubuntu-124.04.1"/>
    <property name="user.name" value="avishkar"/>
    <property name="stdout.encoding" value="UTF-8"/>
    <property name="path.separator" value=":"/>
    <property name="os.version" value="5.15.153.1-microsoft-standard-WSL2"/>
    <property name="java.runtime.name" value="OpenJDK Runtime Environment"/>
    <property name="file.encoding" value="UTF-8"/>
    <property name="java.vm.name" value="OpenJDK 64-Bit Server VM"/>
    <property name="localRepository" value="/home/avishkar/.m2/repository"/>
    <property name="java.vendor.url.bug" value="https://bugs.launchpad.net/ubuntu/+source/openjdk-21"/>
    <property name="java.io.tmpdir" value="/tmp"/>
    <property name="java.version" value="21.0.6"/>
    <property name="user.dir" value="/opt/maven/apache-maven-3.9.9/maven-embedder"/>
    <property name="os.arch" value="amd64"/>
    <property name="java.vm.specification.name" value="Java Virtual Machine Specification"/>
    <property name="native.encoding" value="UTF-8"/>
    <property name="java.library.path" value="/usr/java/packages/lib:/usr/lib/x86_64-linux-gnu/jni:/lib/x86_64-linux-gnu:/usr/lib/x86_64-linux-gnu:/usr/lib/jni:/lib:/usr/lib"/>
    <property name="stderr.encoding" value="UTF-8"/>
    <property name="java.vm.info" value="mixed mode, sharing"/>
    <property name="java.vendor" value="Ubuntu"/>
    <property name="java.vm.version" value="21.0.6+7-Ubuntu-124.04.1"/>
    <property name="sun.io.unicode.encoding" value="UnicodeLittle"/>
    <property name="java.class.version" value="65.0"/>
  </properties>
  <testcase name="testProjectStartedNoPom" classname="org.apache.maven.cli.event.ExecutionEventLoggerTest" time="3.268">
    <system-err><![CDATA[SLF4J: Class path contains multiple SLF4J bindings.
SLF4J: Found binding in [jar:file:/home/avishkar/.m2/repository/org/slf4j/slf4j-simple/1.7.36/slf4j-simple-1.7.36.jar!/org/slf4j/impl/StaticLoggerBinder.class]
SLF4J: Found binding in [jar:file:/home/avishkar/.m2/repository/ch/qos/logback/logback-classic/1.2.13/logback-classic-1.2.13.jar!/org/slf4j/impl/StaticLoggerBinder.class]
SLF4J: See http://www.slf4j.org/codes.html#multiple_bindings for an explanation.
SLF4J: Actual binding is of type [org.slf4j.impl.SimpleLoggerFactory]
]]></system-err>
  </testcase>
  <testcase name="testProjectStartedOverflow" classname="org.apache.maven.cli.event.ExecutionEventLoggerTest" time="0.095"/>
  <testcase name="testProjectStarted" classname="org.apache.maven.cli.event.ExecutionEventLoggerTest" time="0.009"/>
</testsuite>