<?xml version="1.0" encoding="UTF-8"?>
<testsuite xmlns:xsi="http://www.w3.org/2001/XMLSchema-instance" xsi:noNamespaceSchemaLocation="https://maven.apache.org/surefire/maven-surefire-plugin/xsd/surefire-test-report.xsd" version="3.0.1" name="org.apache.maven.project.PomConstructionTest" time="13.894" tests="125" errors="0" skipped="0" failures="0">
  <properties>
    <property name="java.specification.version" value="21"/>
    <property name="sun.jnu.encoding" value="UTF-8"/>
    <property name="java.class.path" value="/opt/maven/apache-maven-3.9.9/maven-core/target/test-classes:/opt/maven/apache-maven-3.9.9/maven-core/target/classes:/opt/maven/apache-maven-3.9.9/maven-model/target/maven-model-3.9.9.jar:/opt/maven/apache-maven-3.9.9/maven-settings/target/maven-settings-3.9.9.jar:/opt/maven/apache-maven-3.9.9/maven-settings-builder/target/maven-settings-builder-3.9.9.jar:/home/avishkar/.m2/repository/org/codehaus/plexus/plexus-sec-dispatcher/2.0/plexus-sec-dispatcher-2.0.jar:/home/avishkar/.m2/repository/org/codehaus/plexus/plexus-cipher/2.0/plexus-cipher-2.0.jar:/opt/maven/apache-maven-3.9.9/maven-builder-support/target/maven-builder-support-3.9.9.jar:/opt/maven/apache-maven-3.9.9/maven-repository-metadata/target/maven-repository-metadata-3.9.9.jar:/opt/maven/apache-maven-3.9.9/maven-artifact/target/maven-artifact-3.9.9.jar:/opt/maven/apache-maven-3.9.9/maven-plugin-api/target/maven-plugin-api-3.9.9.jar:/opt/maven/apache-maven-3.9.9/maven-model-builder/target/maven-model-builder-3.9.9.jar:/opt/maven/apache-maven-3.9.9/maven-resolver-provider/target/maven-resolver-provider-3.9.9.jar:/home/avishkar/.m2/repository/org/apache/maven/resolver/maven-resolver-impl/1.9.22/maven-resolver-impl-1.9.22.jar:/home/avishkar/.m2/repository/org/apache/maven/resolver/maven-resolver-named-locks/1.9.22/maven-resolver-named-locks-1.9.22.jar:/home/avishkar/.m2/repository/org/apache/maven/resolver/maven-resolver-api/1.9.22/maven-resolver-api-1.9.22.jar:/home/avishkar/.m2/repository/org/apache/maven/resolver/maven-resolver-spi/1.9.22/maven-resolver-spi-1.9.22.jar:/home/avishkar/.m2/repository/org/apache/maven/resolver/maven-resolver-util/1.9.22/maven-resolver-util-1.9.22.jar:/home/avishkar/.m2/repository/org/apache/maven/shared/maven-shared-utils/3.4.2/maven-shared-utils-3.4.2.jar:/home/avishkar/.m2/repository/org/eclipse/sisu/org.eclipse.sisu.plexus/0.9.0.M3/org.eclipse.sisu.plexus-0.9.0.M3.jar:/home/avishkar/.m2/repository/org/codehaus/plexus/plexus-xml/3.0.1/plexus-xml-3.0.1.jar:/home/avishkar/.m2/repository/org/eclipse/sisu/org.eclipse.sisu.inject/0.9.0.M3/org.eclipse.sisu.inject-0.9.0.M3.jar:/home/avishkar/.m2/repository/com/google/inject/guice/5.1.0/guice-5.1.0.jar:/home/avishkar/.m2/repository/aopalliance/aopalliance/1.0/aopalliance-1.0.jar:/home/avishkar/.m2/repository/com/google/guava/guava/33.2.1-jre/guava-33.2.1-jre.jar:/home/avishkar/.m2/repository/com/google/guava/failureaccess/1.0.2/failureaccess-1.0.2.jar:/home/avishkar/.m2/repository/javax/inject/javax.inject/1/javax.inject-1.jar:/home/avishkar/.m2/repository/org/codehaus/plexus/plexus-utils/3.5.1/plexus-utils-3.5.1.jar:/home/avishkar/.m2/repository/org/codehaus/plexus/plexus-classworlds/2.8.0/plexus-classworlds-2.8.0.jar:/home/avishkar/.m2/repository/org/codehaus/plexus/plexus-interpolation/1.27/plexus-interpolation-1.27.jar:/home/avishkar/.m2/repository/org/codehaus/plexus/plexus-component-annotations/2.1.0/plexus-component-annotations-2.1.0.jar:/home/avishkar/.m2/repository/org/slf4j/slf4j-api/1.7.36/slf4j-api-1.7.36.jar:/home/avishkar/.m2/repository/commons-jxpath/commons-jxpath/1.3/commons-jxpath-1.3.jar:/home/avishkar/.m2/repository/commons-io/commons-io/2.16.1/commons-io-2.16.1.jar:/home/avishkar/.m2/repository/org/mockito/mockito-core/4.11.0/mockito-core-4.11.0.jar:/home/avishkar/.m2/repository/net/bytebuddy/byte-buddy/1.12.19/byte-buddy-1.12.19.jar:/home/avishkar/.m2/repository/net/bytebuddy/byte-buddy-agent/1.12.19/byte-buddy-agent-1.12.19.jar:/home/avishkar/.m2/repository/org/objenesis/objenesis/3.3/objenesis-3.3.jar:/home/avishkar/.m2/repository/org/hamcrest/hamcrest/3.0/hamcrest-3.0.jar:/home/avishkar/.m2/repository/junit/junit/4.13.2/junit-4.13.2.jar:/home/avishkar/.m2/repository/org/hamcrest/hamcrest-core/3.0/hamcrest-core-3.0.jar:"/>
    <property name="java.vm.vendor" value="Ubuntu"/>
    <property name="sun.arch.data.model" value="64"/>
    <property name="java.vendor.url" value="https://ubuntu.com/"/>
    <property name="user.timezone" value="Etc/UTC"/>
    <property name="os.name" value="Linux"/>
    <property name="java.vm.specification.version" value="21"/>
    <property name="sun.java.launcher" value="SUN_STANDARD"/>
    <property name="sun.boot.library.path" value="/usr/lib/jvm/java-21-openjdk-amd64/lib"/>
    <property name="sun.java.command" value="/opt/maven/apache-maven-3.9.9/maven-core/target/surefire/surefirebooter-20250306185443818_61.jar /opt/maven/apache-maven-3.9.9/maven-core/target/surefire 2025-03-06T18-52-03_396-jvmRun1 surefire-20250306185443818_59tmp surefire_8-20250306185443818_60tmp"/>
    <property name="jdk.debug" value="release"/>
    <property name="surefire.test.class.path" value="/opt/maven/apache-maven-3.9.9/maven-core/target/test-classes:/opt/maven/apache-maven-3.9.9/maven-core/target/classes:/opt/maven/apache-maven-3.9.9/maven-model/target/maven-model-3.9.9.jar:/opt/maven/apache-maven-3.9.9/maven-settings/target/maven-settings-3.9.9.jar:/opt/maven/apache-maven-3.9.9/maven-settings-builder/target/maven-settings-builder-3.9.9.jar:/home/avishkar/.m2/repository/org/codehaus/plexus/plexus-sec-dispatcher/2.0/plexus-sec-dispatcher-2.0.jar:/home/avishkar/.m2/repository/org/codehaus/plexus/plexus-cipher/2.0/plexus-cipher-2.0.jar:/opt/maven/apache-maven-3.9.9/maven-builder-support/target/maven-builder-support-3.9.9.jar:/opt/maven/apache-maven-3.9.9/maven-repository-metadata/target/maven-repository-metadata-3.9.9.jar:/opt/maven/apache-maven-3.9.9/maven-artifact/target/maven-artifact-3.9.9.jar:/opt/maven/apache-maven-3.9.9/maven-plugin-api/target/maven-plugin-api-3.9.9.jar:/opt/maven/apache-maven-3.9.9/maven-model-builder/target/maven-model-builder-3.9.9.jar:/opt/maven/apache-maven-3.9.9/maven-resolver-provider/target/maven-resolver-provider-3.9.9.jar:/home/avishkar/.m2/repository/org/apache/maven/resolver/maven-resolver-impl/1.9.22/maven-resolver-impl-1.9.22.jar:/home/avishkar/.m2/repository/org/apache/maven/resolver/maven-resolver-named-locks/1.9.22/maven-resolver-named-locks-1.9.22.jar:/home/avishkar/.m2/repository/org/apache/maven/resolver/maven-resolver-api/1.9.22/maven-resolver-api-1.9.22.jar:/home/avishkar/.m2/repository/org/apache/maven/resolver/maven-resolver-spi/1.9.22/maven-resolver-spi-1.9.22.jar:/home/avishkar/.m2/repository/org/apache/maven/resolver/maven-resolver-util/1.9.22/maven-resolver-util-1.9.22.jar:/home/avishkar/.m2/repository/org/apache/maven/shared/maven-shared-utils/3.4.2/maven-shared-utils-3.4.2.jar:/home/avishkar/.m2/repository/org/eclipse/sisu/org.eclipse.sisu.plexus/0.9.0.M3/org.eclipse.sisu.plexus-0.9.0.M3.jar:/home/avishkar/.m2/repository/org/codehaus/plexus/plexus-xml/3.0.1/plexus-xml-3.0.1.jar:/home/avishkar/.m2/repository/org/eclipse/sisu/org.eclipse.sisu.inject/0.9.0.M3/org.eclipse.sisu.inject-0.9.0.M3.jar:/home/avishkar/.m2/repository/com/google/inject/guice/5.1.0/guice-5.1.0.jar:/home/avishkar/.m2/repository/aopalliance/aopalliance/1.0/aopalliance-1.0.jar:/home/avishkar/.m2/repository/com/google/guava/guava/33.2.1-jre/guava-33.2.1-jre.jar:/home/avishkar/.m2/repository/com/google/guava/failureaccess/1.0.2/failureaccess-1.0.2.jar:/home/avishkar/.m2/repository/javax/inject/javax.inject/1/javax.inject-1.jar:/home/avishkar/.m2/repository/org/codehaus/plexus/plexus-utils/3.5.1/plexus-utils-3.5.1.jar:/home/avishkar/.m2/repository/org/codehaus/plexus/plexus-classworlds/2.8.0/plexus-classworlds-2.8.0.jar:/home/avishkar/.m2/repository/org/codehaus/plexus/plexus-interpolation/1.27/plexus-interpolation-1.27.jar:/home/avishkar/.m2/repository/org/codehaus/plexus/plexus-component-annotations/2.1.0/plexus-component-annotations-2.1.0.jar:/home/avishkar/.m2/repository/org/slf4j/slf4j-api/1.7.36/slf4j-api-1.7.36.jar:/home/avishkar/.m2/repository/commons-jxpath/commons-jxpath/1.3/commons-jxpath-1.3.jar:/home/avishkar/.m2/repository/commons-io/commons-io/2.16.1/commons-io-2.16.1.jar:/home/avishkar/.m2/repository/org/mockito/mockito-core/4.11.0/mockito-core-4.11.0.jar:/home/avishkar/.m2/repository/net/bytebuddy/byte-buddy/1.12.19/byte-buddy-1.12.19.jar:/home/avishkar/.m2/repository/net/bytebuddy/byte-buddy-agent/1.12.19/byte-buddy-agent-1.12.19.jar:/home/avishkar/.m2/repository/org/objenesis/objenesis/3.3/objenesis-3.3.jar:/home/avishkar/.m2/repository/org/hamcrest/hamcrest/3.0/hamcrest-3.0.jar:/home/avishkar/.m2/repository/junit/junit/4.13.2/junit-4.13.2.jar:/home/avishkar/.m2/repository/org/hamcrest/hamcrest-core/3.0/hamcrest-core-3.0.jar:"/>
    <property name="sun.cpu.endian" value="little"/>
    <property name="user.home" value="/home/avishkar"/>
    <property name="user.language" value="en"/>
    <property name="java.specification.vendor" value="Oracle Corporation"/>
    <property name="java.version.date" value="2025-01-21"/>
    <property name="java.home" value="/usr/lib/jvm/java-21-openjdk-amd64"/>
    <property name="file.separator" value="/"/>
    <property name="basedir" value="/opt/maven/apache-maven-3.9.9/maven-core"/>
    <property name="java.vm.compressedOopsMode" value="32-bit"/>
    <property name="line.separator" value="&#10;"/>
    <property name="java.vm.specification.vendor" value="Oracle Corporation"/>
    <property name="java.specification.name" value="Java Platform API Specification"/>
    <property name="surefire.real.class.path" value="/opt/maven/apache-maven-3.9.9/maven-core/target/surefire/surefirebooter-20250306185443818_61.jar"/>
    <property name="sun.management.compiler" value="HotSpot 64-Bit Tiered Compilers"/>
    <property name="java.runtime.version" value="21.0.6+7-Ubuntu-124.04.1"/>
    <property name="user.name" value="avishkar"/>
    <property name="stdout.encoding" value="UTF-8"/>
    <property name="path.separator" value=":"/>
    <property name="os.version" value="5.15.153.1-microsoft-standard-WSL2"/>
    <property name="java.runtime.name" value="OpenJDK Runtime Environment"/>
    <property name="file.encoding" value="UTF-8"/>
    <property name="guice.disable.misplaced.annotation.check" value="true"/>
    <property name="java.vm.name" value="OpenJDK 64-Bit Server VM"/>
    <property name="localRepository" value="/home/avishkar/.m2/repository"/>
    <property name="java.vendor.url.bug" value="https://bugs.launchpad.net/ubuntu/+source/openjdk-21"/>
    <property name="java.io.tmpdir" value="/tmp"/>
    <property name="java.version" value="21.0.6"/>
    <property name="user.dir" value="/opt/maven/apache-maven-3.9.9/maven-core"/>
    <property name="os.arch" value="amd64"/>
    <property name="java.vm.specification.name" value="Java Virtual Machine Specification"/>
    <property name="native.encoding" value="UTF-8"/>
    <property name="java.library.path" value="/usr/java/packages/lib:/usr/lib/x86_64-linux-gnu/jni:/lib/x86_64-linux-gnu:/usr/lib/x86_64-linux-gnu:/usr/lib/jni:/lib:/usr/lib"/>
    <property name="stderr.encoding" value="UTF-8"/>
    <property name="java.vm.info" value="mixed mode, sharing"/>
    <property name="java.vendor" value="Ubuntu"/>
    <property name="java.vm.version" value="21.0.6+7-Ubuntu-124.04.1"/>
    <property name="sun.io.unicode.encoding" value="UnicodeLittle"/>
    <property name="java.class.version" value="65.0"/>
  </properties>
  <testcase name="testCompleteModelWithParent" classname="org.apache.maven.project.PomConstructionTest" time="0.418"/>
  <testcase name="testErroneousJoiningOfDifferentPluginsWithEqualExecutionIds" classname="org.apache.maven.project.PomConstructionTest" time="0.064"/>
  <testcase name="testPluginConfigurationUsingAttributesWithPluginManagementAndProfile" classname="org.apache.maven.project.PomConstructionTest" time="0.07"/>
  <testcase name="testUrlAppendWithChildPathAdjustment" classname="org.apache.maven.project.PomConstructionTest" time="0.059"/>
  <testcase name="testDuplicateDependenciesCauseLastDeclarationToBePickedInLenientMode" classname="org.apache.maven.project.PomConstructionTest" time="0.059"/>
  <testcase name="testReportingPluginInterpolation" classname="org.apache.maven.project.PomConstructionTest" time="0.066"/>
  <testcase name="testDistributionManagement" classname="org.apache.maven.project.PomConstructionTest" time="0.051"/>
  <testcase name="testValidationErrorUponNonUniqueArtifactRepositoryIdInProfile" classname="org.apache.maven.project.PomConstructionTest" time="0.058"/>
  <testcase name="testInheritedPropertiesInterpolatedWithValuesFromChildWithActiveProfiles" classname="org.apache.maven.project.PomConstructionTest" time="0.069"/>
  <testcase name="testMailingListsAreInheritedButNotAggregated" classname="org.apache.maven.project.PomConstructionTest" time="0.045"/>
  <testcase name="testSingleConfigurationInheritance" classname="org.apache.maven.project.PomConstructionTest" time="0.071"/>
  <testcase name="testPercentEncodedUrlsMustNotBeDecoded" classname="org.apache.maven.project.PomConstructionTest" time="0.058"/>
  <testcase name="testReportingPluginConfig" classname="org.apache.maven.project.PomConstructionTest" time="0.06"/>
  <testcase name="testInterpolationOfBasedirInPomWithUnusualName" classname="org.apache.maven.project.PomConstructionTest" time="0.049"/>
  <testcase name="testDependencyOrderWithPluginManagement" classname="org.apache.maven.project.PomConstructionTest" time="0.048"/>
  <testcase name="testOrderOfMergedPluginExecutionsWithPluginManagement" classname="org.apache.maven.project.PomConstructionTest" time="0.06"/>
  <testcase name="testNonInheritedElementsInSubtreesOverriddenByChild" classname="org.apache.maven.project.PomConstructionTest" time="0.238"/>
  <testcase name="testProfileInjectionOrder" classname="org.apache.maven.project.PomConstructionTest" time="0.064"/>
  <testcase name="testDependencyScopeInheritance" classname="org.apache.maven.project.PomConstructionTest" time="0.055"/>
  <testcase name="testProfilePropertiesInterpolation" classname="org.apache.maven.project.PomConstructionTest" time="0.059"/>
  <testcase name="testOrderOfMergedPluginExecutionGoalsWithoutPluginManagement" classname="org.apache.maven.project.PomConstructionTest" time="0.056"/>
  <testcase name="testThatExecutionsWithoutIdsAreMergedAndTheChildWins" classname="org.apache.maven.project.PomConstructionTest" time="0.054"/>
  <testcase name="testExecutionConfigurationSubcollections" classname="org.apache.maven.project.PomConstructionTest" time="0.059"/>
  <testcase name="testInterpolationWithXmlMarkup" classname="org.apache.maven.project.PomConstructionTest" time="0.046"/>
  <testcase name="testRepoInheritance" classname="org.apache.maven.project.PomConstructionTest" time="0.049"/>
  <testcase name="testInterpolationOfNestedBuildDirectories" classname="org.apache.maven.project.PomConstructionTest" time="0.067"/>
  <testcase name="testOrderOfPluginConfigurationElementsWithPluginManagement" classname="org.apache.maven.project.PomConstructionTest" time="0.049"/>
  <testcase name="testManagedPluginConfigurationAppliesToImplicitPluginsIntroducedByPackaging" classname="org.apache.maven.project.PomConstructionTest" time="0.05"/>
  <testcase name="testMultipleExecutionIds" classname="org.apache.maven.project.PomConstructionTest" time="0.049"/>
  <testcase name="testInterpolationWithBasedirAlignedDirectories" classname="org.apache.maven.project.PomConstructionTest" time="0.071"/>
  <testcase name="testInterpolationWithSystemProperty" classname="org.apache.maven.project.PomConstructionTest" time="0.069"/>
  <testcase name="testPluginManagementInherited" classname="org.apache.maven.project.PomConstructionTest" time="0.056"/>
  <testcase name="testOrderOfPluginExecutionsWithoutPluginManagement" classname="org.apache.maven.project.PomConstructionTest" time="0.041"/>
  <testcase name="testReportingInterpolation" classname="org.apache.maven.project.PomConstructionTest" time="0.059"/>
  <testcase name="testOrderOfGoalsFromPluginExecutionWithoutPluginManagement" classname="org.apache.maven.project.PomConstructionTest" time="0.045"/>
  <testcase name="testProfileModules" classname="org.apache.maven.project.PomConstructionTest" time="0.048"/>
  <testcase name="testPluginExecutionInheritanceWhenChildDoesDeclarePluginAsWell" classname="org.apache.maven.project.PomConstructionTest" time="0.052"/>
  <testcase name="testValidationErrorUponNonUniquePluginRepositoryIdInProfile" classname="org.apache.maven.project.PomConstructionTest" time="0.047"/>
  <testcase name="testUncPath" classname="org.apache.maven.project.PomConstructionTest" time="0.048"/>
  <testcase name="testAppendArtifactIdOfChildToInheritedUrls" classname="org.apache.maven.project.PomConstructionTest" time="0.051"/>
  <testcase name="testValidationErrorUponNonUniqueArtifactRepositoryId" classname="org.apache.maven.project.PomConstructionTest" time="0.04"/>
  <testcase name="testOrderOfMergedPluginDependenciesWithoutPluginManagement" classname="org.apache.maven.project.PomConstructionTest" time="0.054"/>
  <testcase name="testOrderOfPluginExecutionConfigurationElementsWithoutPluginManagement" classname="org.apache.maven.project.PomConstructionTest" time="0.055"/>
  <testcase name="testOrderOfMergedPluginExecutionGoalsWithPluginManagement" classname="org.apache.maven.project.PomConstructionTest" time="0.044"/>
  <testcase name="testConsecutiveEmptyElements" classname="org.apache.maven.project.PomConstructionTest" time="0.043"/>
  <testcase name="testAppendOfInheritedPluginConfigurationWithNoProfile" classname="org.apache.maven.project.PomConstructionTest" time="0.041"/>
  <testcase name="testProfileModuleInheritance" classname="org.apache.maven.project.PomConstructionTest" time="0.052"/>
  <testcase name="testInterpolationOfRfc3986BaseUri" classname="org.apache.maven.project.PomConstructionTest" time="0.039"/>
  <testcase name="testAppendOfInheritedPluginConfigurationWithActiveProfile" classname="org.apache.maven.project.PomConstructionTest" time="0.067"/>
  <testcase name="testErroneousJoiningOfDifferentPluginsWithEqualDependencies" classname="org.apache.maven.project.PomConstructionTest" time="0.05"/>
  <testcase name="testInheritedPropertiesInterpolatedWithValuesFromChildWithoutProfiles" classname="org.apache.maven.project.PomConstructionTest" time="0.056"/>
  <testcase name="testProfilePluginMngDependencies" classname="org.apache.maven.project.PomConstructionTest" time="0.034"/>
  <testcase name="testMultiplePluginExecutionsWithAndWithoutIdsWithoutPluginManagement" classname="org.apache.maven.project.PomConstructionTest" time="0.053"/>
  <testcase name="testDependencyInheritance" classname="org.apache.maven.project.PomConstructionTest" time="0.04"/>
  <testcase name="testManagedProfileDependency" classname="org.apache.maven.project.PomConstructionTest" time="0.034"/>
  <testcase name="testPropertiesInheritance" classname="org.apache.maven.project.PomConstructionTest" time="0.051"/>
  <testcase name="testBuildExtensionInheritance" classname="org.apache.maven.project.PomConstructionTest" time="0.038"/>
  <testcase name="testMergedFilterOrder" classname="org.apache.maven.project.PomConstructionTest" time="0.036"/>
  <testcase name="testPluginInheritanceOrder" classname="org.apache.maven.project.PomConstructionTest" time="0.051"/>
  <testcase name="testPrerequisitesAreNotInherited" classname="org.apache.maven.project.PomConstructionTest" time="0.041"/>
  <testcase name="testInterpolationOfBaseUri" classname="org.apache.maven.project.PomConstructionTest" time="0.046"/>
  <testcase name="testPluginDeclarationsRetainPomOrderAfterInjectionOfDefaultPlugins" classname="org.apache.maven.project.PomConstructionTest" time="0.055"/>
  <testcase name="testCliPropsDominateProjectPropsDuringInterpolation" classname="org.apache.maven.project.PomConstructionTest" time="0.058"/>
  <testcase name="testPluginConfigurationUsingAttributesWithPluginManagement" classname="org.apache.maven.project.PomConstructionTest" time="0.047"/>
  <testcase name="testPluginOrder" classname="org.apache.maven.project.PomConstructionTest" time="0.057"/>
  <testcase name="testBuildDirectoriesUsePlatformSpecificFileSeparator" classname="org.apache.maven.project.PomConstructionTest" time="0.04"/>
  <testcase name="testProfileInjectedDependencies" classname="org.apache.maven.project.PomConstructionTest" time="0.041"/>
  <testcase name="testPluginManagementDependencies" classname="org.apache.maven.project.PomConstructionTest" time="0.039"/>
  <testcase name="testOrderOfMergedPluginExecutionsWithoutPluginManagement" classname="org.apache.maven.project.PomConstructionTest" time="0.038"/>
  <testcase name="testDevelopersAreInheritedButNotAggregated" classname="org.apache.maven.project.PomConstructionTest" time="0.038"/>
  <testcase name="testPropertiesNoDuplication" classname="org.apache.maven.project.PomConstructionTest" time="0.036"/>
  <testcase name="testDuplicateExclusionsDependency" classname="org.apache.maven.project.PomConstructionTest" time="0.044"/>
  <testcase name="testMergeOfPluginExecutionsWhenChildInheritsPluginVersion" classname="org.apache.maven.project.PomConstructionTest" time="0.041"/>
  <testcase name="testXmlTextCoalescing" classname="org.apache.maven.project.PomConstructionTest" time="0.032"/>
  <testcase name="testDefaultPluginsExecutionContributedByPackagingExecuteBeforeUserDefinedExecutions" classname="org.apache.maven.project.PomConstructionTest" time="0.041"/>
  <testcase name="testPomInheritance" classname="org.apache.maven.project.PomConstructionTest" time="0.042"/>
  <testcase name="testMergeOfPluginExecutionsWhenChildAndParentUseDifferentPluginVersions" classname="org.apache.maven.project.PomConstructionTest" time="0.026"/>
  <testcase name="testExecutionConfigurationJoin" classname="org.apache.maven.project.PomConstructionTest" time="0.036"/>
  <testcase name="testXmlWhitespaceHandling" classname="org.apache.maven.project.PomConstructionTest" time="0.035"/>
  <testcase name="testBooleanInterpolation" classname="org.apache.maven.project.PomConstructionTest" time="0.058"/>
  <testcase name="testOrderOfPluginExecutionsWithPluginManagement" classname="org.apache.maven.project.PomConstructionTest" time="0.054"/>
  <testcase name="testPluginConfigurationUsingAttributesWithoutPluginManagement" classname="org.apache.maven.project.PomConstructionTest" time="0.039"/>
  <testcase name="testPluginOrderAfterMergingWithInjectedPlugins" classname="org.apache.maven.project.PomConstructionTest" time="0.032"/>
  <testcase name="testMultipleFilters" classname="org.apache.maven.project.PomConstructionTest" time="0.077"/>
  <testcase name="testPluginOrderAfterMergingWithInheritedPlugins" classname="org.apache.maven.project.PomConstructionTest" time="0.032"/>
  <testcase name="testContributorsAreInheritedButNotAggregated" classname="org.apache.maven.project.PomConstructionTest" time="0.056"/>
  <testcase name="testInterpolationOfLegacyExpressionsThatDontIncludeTheProjectPrefix" classname="org.apache.maven.project.PomConstructionTest" time="0.042"/>
  <testcase name="testPluginExecutionInheritanceWhenChildDoesNotDeclarePlugin" classname="org.apache.maven.project.PomConstructionTest" time="0.032"/>
  <testcase name="testParentInterpolation" classname="org.apache.maven.project.PomConstructionTest" time="0.033"/>
  <testcase name="testPluginInheritanceSimple" classname="org.apache.maven.project.PomConstructionTest" time="0.043"/>
  <testcase name="testProfileDependenciesMultipleProfiles" classname="org.apache.maven.project.PomConstructionTest" time="0.032"/>
  <testcase name="testParentInheritance" classname="org.apache.maven.project.PomConstructionTest" time="0.03"/>
  <testcase name="testFullInterpolationOfNestedExpressions" classname="org.apache.maven.project.PomConstructionTest" time="0.047"/>
  <testcase name="testPluginManagementInheritance" classname="org.apache.maven.project.PomConstructionTest" time="7.575"/>
  <testcase name="testJoiningOfContainersWhenChildHasEmptyElements" classname="org.apache.maven.project.PomConstructionTest" time="0.046"/>
  <testcase name="testCompleteModelWithoutParent" classname="org.apache.maven.project.PomConstructionTest" time="0.043"/>
  <testcase name="testAppendArtifactIdOfParentAndChildToInheritedUrls" classname="org.apache.maven.project.PomConstructionTest" time="0.032"/>
  <testcase name="testValidationErrorUponNonUniquePluginRepositoryId" classname="org.apache.maven.project.PomConstructionTest" time="0.026"/>
  <testcase name="testConfigWithPluginManagement" classname="org.apache.maven.project.PomConstructionTest" time="0.041"/>
  <testcase name="testOrderOfPluginConfigurationElementsWithoutPluginManagement" classname="org.apache.maven.project.PomConstructionTest" time="0.036"/>
  <testcase name="testLicensesAreInheritedButNotAggregated" classname="org.apache.maven.project.PomConstructionTest" time="0.034"/>
  <testcase name="testOrderOfPluginExecutionConfigurationElementsWithPluginManagement" classname="org.apache.maven.project.PomConstructionTest" time="0.049"/>
  <testcase name="testBuildPluginInterpolation" classname="org.apache.maven.project.PomConstructionTest" time="0.035"/>
  <testcase name="testDependencyManagementWithInterpolation" classname="org.apache.maven.project.PomConstructionTest" time="0.048"/>
  <testcase name="testDependencyScope" classname="org.apache.maven.project.PomConstructionTest" time="0.047"/>
  <testcase name="testJdkActivation" classname="org.apache.maven.project.PomConstructionTest" time="0.042"/>
  <testcase name="testProfileDefaultActivation" classname="org.apache.maven.project.PomConstructionTest" time="0.034"/>
  <testcase name="testOrderOfMergedPluginDependenciesWithPluginManagement" classname="org.apache.maven.project.PomConstructionTest" time="0.032"/>
  <testcase name="testOverridingOfInheritedPluginExecutionsWithPluginManagement" classname="org.apache.maven.project.PomConstructionTest" time="0.029"/>
  <testcase name="testProfilePlugins" classname="org.apache.maven.project.PomConstructionTest" time="0.038"/>
  <testcase name="testMergeOfInheritedPluginConfiguration" classname="org.apache.maven.project.PomConstructionTest" time="0.037"/>
  <testcase name="testOverridingOfInheritedPluginExecutionsWithoutPluginManagement" classname="org.apache.maven.project.PomConstructionTest" time="0.051"/>
  <testcase name="testPluginManagementDuplicate" classname="org.apache.maven.project.PomConstructionTest" time="0.049"/>
  <testcase name="testMultiplePluginExecutionsWithAndWithoutIdsWithPluginManagement" classname="org.apache.maven.project.PomConstructionTest" time="0.055"/>
  <testcase name="testOrderOfGoalsFromPluginExecutionWithPluginManagement" classname="org.apache.maven.project.PomConstructionTest" time="0.041"/>
  <testcase name="testEmptyScm" classname="org.apache.maven.project.PomConstructionTest" time="0.034"/>
  <testcase name="testEmptyUrl" classname="org.apache.maven.project.PomConstructionTest" time="0.04"/>
  <testcase name="testProjectArtifactIdIsNotInheritedButMandatory" classname="org.apache.maven.project.PomConstructionTest" time="0.032"/>
  <testcase name="testPomEncoding" classname="org.apache.maven.project.PomConstructionTest" time="0.032"/>
  <testcase name="testPluginConfigProperties" classname="org.apache.maven.project.PomConstructionTest" time="0.031"/>
  <testcase name="testExecutionConfiguration" classname="org.apache.maven.project.PomConstructionTest" time="0.027"/>
  <testcase name="testParentPomPackagingMustBePom" classname="org.apache.maven.project.PomConstructionTest" time="0.037"/>
  <testcase name="testDependencyOrderWithoutPluginManagement" classname="org.apache.maven.project.PomConstructionTest" time="0.033"/>
  <testcase name="testMultipleRepositories" classname="org.apache.maven.project.PomConstructionTest" time="0.037"/>
  <testcase name="testDifferentContainersWithSameId" classname="org.apache.maven.project.PomConstructionTest" time="0.038"/>
</testsuite>