<?xml version="1.0" encoding="UTF-8"?>
<testsuite xmlns:xsi="http://www.w3.org/2001/XMLSchema-instance" xsi:noNamespaceSchemaLocation="https://maven.apache.org/surefire/maven-surefire-plugin/xsd/surefire-test-report.xsd" version="3.0.1" name="org.apache.maven.model.PrerequisitesTest" time="0.004" tests="4" errors="0" skipped="0" failures="0">
  <properties>
    <property name="java.specification.version" value="21"/>
    <property name="sun.jnu.encoding" value="UTF-8"/>
    <property name="java.class.path" value="/opt/maven/apache-maven-3.9.9/maven-model/target/test-classes:/opt/maven/apache-maven-3.9.9/maven-model/target/classes:/home/avishkar/.m2/repository/org/codehaus/plexus/plexus-utils/3.5.1/plexus-utils-3.5.1.jar:/home/avishkar/.m2/repository/org/hamcrest/hamcrest/3.0/hamcrest-3.0.jar:/home/avishkar/.m2/repository/junit/junit/4.13.2/junit-4.13.2.jar:/home/avishkar/.m2/repository/org/hamcrest/hamcrest-core/3.0/hamcrest-core-3.0.jar:"/>
    <property name="java.vm.vendor" value="Ubuntu"/>
    <property name="sun.arch.data.model" value="64"/>
    <property name="java.vendor.url" value="https://ubuntu.com/"/>
    <property name="os.name" value="Linux"/>
    <property name="java.vm.specification.version" value="21"/>
    <property name="sun.java.launcher" value="SUN_STANDARD"/>
    <property name="sun.boot.library.path" value="/usr/lib/jvm/java-21-openjdk-amd64/lib"/>
    <property name="sun.java.command" value="/opt/maven/apache-maven-3.9.9/maven-model/target/surefire/surefirebooter-20250306185203553_3.jar /opt/maven/apache-maven-3.9.9/maven-model/target/surefire 2025-03-06T18-52-03_396-jvmRun1 surefire-20250306185203553_1tmp surefire_0-20250306185203553_2tmp"/>
    <property name="jdk.debug" value="release"/>
    <property name="surefire.test.class.path" value="/opt/maven/apache-maven-3.9.9/maven-model/target/test-classes:/opt/maven/apache-maven-3.9.9/maven-model/target/classes:/home/avishkar/.m2/repository/org/codehaus/plexus/plexus-utils/3.5.1/plexus-utils-3.5.1.jar:/home/avishkar/.m2/repository/org/hamcrest/hamcrest/3.0/hamcrest-3.0.jar:/home/avishkar/.m2/repository/junit/junit/4.13.2/junit-4.13.2.jar:/home/avishkar/.m2/repository/org/hamcrest/hamcrest-core/3.0/hamcrest-core-3.0.jar:"/>
    <property name="sun.cpu.endian" value="little"/>
    <property name="user.home" value="/home/avishkar"/>
    <property name="user.language" value="en"/>
    <property name="java.specification.vendor" value="Oracle Corporation"/>
    <property name="java.version.date" value="2025-01-21"/>
    <property name="java.home" value="/usr/lib/jvm/java-21-openjdk-amd64"/>
    <property name="file.separator" value="/"/>
    <property name="basedir" value="/opt/maven/apache-maven-3.9.9/maven-model"/>
    <property name="java.vm.compressedOopsMode" value="32-bit"/>
    <property name="line.separator" value="&#10;"/>
    <property name="java.vm.specification.vendor" value="Oracle Corporation"/>
    <property name="java.specification.name" value="Java Platform API Specification"/>
    <property name="surefire.real.class.path" value="/opt/maven/apache-maven-3.9.9/maven-model/target/surefire/surefirebooter-20250306185203553_3.jar"/>
    <property name="sun.management.compiler" value="HotSpot 64-Bit Tiered Compilers"/>
    <property name="java.runtime.version" value="21.0.6+7-Ubuntu-124.04.1"/>
    <property name="user.name" value="avishkar"/>
    <property name="stdout.encoding" value="UTF-8"/>
    <property name="path.separator" value=":"/>
    <property name="os.version" value="5.15.153.1-microsoft-standard-WSL2"/>
    <property name="java.runtime.name" value="OpenJDK Runtime Environment"/>
    <property name="file.encoding" value="UTF-8"/>
    <property name="java.vm.name" value="OpenJDK 64-Bit Server VM"/>
    <property name="localRepository" value="/home/avishkar/.m2/repository"/>
    <property name="java.vendor.url.bug" value="https://bugs.launchpad.net/ubuntu/+source/openjdk-21"/>
    <property name="java.io.tmpdir" value="/tmp"/>
    <property name="java.version" value="21.0.6"/>
    <property name="user.dir" value="/opt/maven/apache-maven-3.9.9/maven-model"/>
    <property name="os.arch" value="amd64"/>
    <property name="java.vm.specification.name" value="Java Virtual Machine Specification"/>
    <property name="native.encoding" value="UTF-8"/>
    <property name="java.library.path" value="/usr/java/packages/lib:/usr/lib/x86_64-linux-gnu/jni:/lib/x86_64-linux-gnu:/usr/lib/x86_64-linux-gnu:/usr/lib/jni:/lib:/usr/lib"/>
    <property name="stderr.encoding" value="UTF-8"/>
    <property name="java.vm.info" value="mixed mode, sharing"/>
    <property name="java.vendor" value="Ubuntu"/>
    <property name="java.vm.version" value="21.0.6+7-Ubuntu-124.04.1"/>
    <property name="sun.io.unicode.encoding" value="UnicodeLittle"/>
    <property name="java.class.version" value="65.0"/>
  </properties>
  <testcase name="testEqualsIdentity" classname="org.apache.maven.model.PrerequisitesTest" time="0.0"/>
  <testcase name="testHashCodeNullSafe" classname="org.apache.maven.model.PrerequisitesTest" time="0.0"/>
  <testcase name="testToStringNullSafe" classname="org.apache.maven.model.PrerequisitesTest" time="0.0"/>
  <testcase name="testEqualsNullSafe" classname="org.apache.maven.model.PrerequisitesTest" time="0.0"/>
</testsuite>