<?xml version="1.0" encoding="UTF-8"?>
<testsuite xmlns:xsi="http://www.w3.org/2001/XMLSchema-instance" xsi:noNamespaceSchemaLocation="https://maven.apache.org/surefire/maven-surefire-plugin/xsd/surefire-test-report.xsd" version="3.0.1" name="org.apache.maven.model.validation.DefaultModelValidatorTest" time="0.325" tests="67" errors="0" skipped="0" failures="0">
  <properties>
    <property name="java.specification.version" value="21"/>
    <property name="sun.jnu.encoding" value="UTF-8"/>
    <property name="java.class.path" value="/opt/maven/apache-maven-3.9.9/maven-model-builder/target/test-classes:/opt/maven/apache-maven-3.9.9/maven-model-builder/target/classes:/home/avishkar/.m2/repository/org/codehaus/plexus/plexus-interpolation/1.27/plexus-interpolation-1.27.jar:/home/avishkar/.m2/repository/javax/inject/javax.inject/1/javax.inject-1.jar:/opt/maven/apache-maven-3.9.9/maven-model/target/maven-model-3.9.9.jar:/home/avishkar/.m2/repository/org/codehaus/plexus/plexus-utils/3.5.1/plexus-utils-3.5.1.jar:/opt/maven/apache-maven-3.9.9/maven-artifact/target/maven-artifact-3.9.9.jar:/opt/maven/apache-maven-3.9.9/maven-builder-support/target/maven-builder-support-3.9.9.jar:/home/avishkar/.m2/repository/org/eclipse/sisu/org.eclipse.sisu.inject/0.9.0.M3/org.eclipse.sisu.inject-0.9.0.M3.jar:/home/avishkar/.m2/repository/org/eclipse/sisu/org.eclipse.sisu.plexus/0.9.0.M3/org.eclipse.sisu.plexus-0.9.0.M3.jar:/home/avishkar/.m2/repository/org/codehaus/plexus/plexus-component-annotations/2.1.0/plexus-component-annotations-2.1.0.jar:/home/avishkar/.m2/repository/org/codehaus/plexus/plexus-classworlds/2.8.0/plexus-classworlds-2.8.0.jar:/home/avishkar/.m2/repository/org/codehaus/plexus/plexus-xml/3.0.1/plexus-xml-3.0.1.jar:/home/avishkar/.m2/repository/com/google/inject/guice/5.1.0/guice-5.1.0.jar:/home/avishkar/.m2/repository/aopalliance/aopalliance/1.0/aopalliance-1.0.jar:/home/avishkar/.m2/repository/com/google/guava/guava/33.2.1-jre/guava-33.2.1-jre.jar:/home/avishkar/.m2/repository/com/google/guava/failureaccess/1.0.2/failureaccess-1.0.2.jar:/home/avishkar/.m2/repository/org/xmlunit/xmlunit-core/2.10.0/xmlunit-core-2.10.0.jar:/home/avishkar/.m2/repository/jakarta/xml/bind/jakarta.xml.bind-api/2.3.3/jakarta.xml.bind-api-2.3.3.jar:/home/avishkar/.m2/repository/jakarta/activation/jakarta.activation-api/1.2.2/jakarta.activation-api-1.2.2.jar:/home/avishkar/.m2/repository/org/xmlunit/xmlunit-matchers/2.10.0/xmlunit-matchers-2.10.0.jar:/home/avishkar/.m2/repository/org/powermock/powermock-reflect/2.0.9/powermock-reflect-2.0.9.jar:/home/avishkar/.m2/repository/org/objenesis/objenesis/3.0.1/objenesis-3.0.1.jar:/home/avishkar/.m2/repository/net/bytebuddy/byte-buddy/1.10.14/byte-buddy-1.10.14.jar:/home/avishkar/.m2/repository/net/bytebuddy/byte-buddy-agent/1.10.14/byte-buddy-agent-1.10.14.jar:/home/avishkar/.m2/repository/org/hamcrest/hamcrest/3.0/hamcrest-3.0.jar:/home/avishkar/.m2/repository/junit/junit/4.13.2/junit-4.13.2.jar:/home/avishkar/.m2/repository/org/hamcrest/hamcrest-core/3.0/hamcrest-core-3.0.jar:"/>
    <property name="java.vm.vendor" value="Ubuntu"/>
    <property name="sun.arch.data.model" value="64"/>
    <property name="java.vendor.url" value="https://ubuntu.com/"/>
    <property name="os.name" value="Linux"/>
    <property name="java.vm.specification.version" value="21"/>
    <property name="sun.java.launcher" value="SUN_STANDARD"/>
    <property name="sun.boot.library.path" value="/usr/lib/jvm/java-21-openjdk-amd64/lib"/>
    <property name="sun.java.command" value="/opt/maven/apache-maven-3.9.9/maven-model-builder/target/surefire/surefirebooter-20250306185253086_27.jar /opt/maven/apache-maven-3.9.9/maven-model-builder/target/surefire 2025-03-06T18-52-03_396-jvmRun1 surefire-20250306185253086_25tmp surefire_4-20250306185253086_26tmp"/>
    <property name="jdk.debug" value="release"/>
    <property name="surefire.test.class.path" value="/opt/maven/apache-maven-3.9.9/maven-model-builder/target/test-classes:/opt/maven/apache-maven-3.9.9/maven-model-builder/target/classes:/home/avishkar/.m2/repository/org/codehaus/plexus/plexus-interpolation/1.27/plexus-interpolation-1.27.jar:/home/avishkar/.m2/repository/javax/inject/javax.inject/1/javax.inject-1.jar:/opt/maven/apache-maven-3.9.9/maven-model/target/maven-model-3.9.9.jar:/home/avishkar/.m2/repository/org/codehaus/plexus/plexus-utils/3.5.1/plexus-utils-3.5.1.jar:/opt/maven/apache-maven-3.9.9/maven-artifact/target/maven-artifact-3.9.9.jar:/opt/maven/apache-maven-3.9.9/maven-builder-support/target/maven-builder-support-3.9.9.jar:/home/avishkar/.m2/repository/org/eclipse/sisu/org.eclipse.sisu.inject/0.9.0.M3/org.eclipse.sisu.inject-0.9.0.M3.jar:/home/avishkar/.m2/repository/org/eclipse/sisu/org.eclipse.sisu.plexus/0.9.0.M3/org.eclipse.sisu.plexus-0.9.0.M3.jar:/home/avishkar/.m2/repository/org/codehaus/plexus/plexus-component-annotations/2.1.0/plexus-component-annotations-2.1.0.jar:/home/avishkar/.m2/repository/org/codehaus/plexus/plexus-classworlds/2.8.0/plexus-classworlds-2.8.0.jar:/home/avishkar/.m2/repository/org/codehaus/plexus/plexus-xml/3.0.1/plexus-xml-3.0.1.jar:/home/avishkar/.m2/repository/com/google/inject/guice/5.1.0/guice-5.1.0.jar:/home/avishkar/.m2/repository/aopalliance/aopalliance/1.0/aopalliance-1.0.jar:/home/avishkar/.m2/repository/com/google/guava/guava/33.2.1-jre/guava-33.2.1-jre.jar:/home/avishkar/.m2/repository/com/google/guava/failureaccess/1.0.2/failureaccess-1.0.2.jar:/home/avishkar/.m2/repository/org/xmlunit/xmlunit-core/2.10.0/xmlunit-core-2.10.0.jar:/home/avishkar/.m2/repository/jakarta/xml/bind/jakarta.xml.bind-api/2.3.3/jakarta.xml.bind-api-2.3.3.jar:/home/avishkar/.m2/repository/jakarta/activation/jakarta.activation-api/1.2.2/jakarta.activation-api-1.2.2.jar:/home/avishkar/.m2/repository/org/xmlunit/xmlunit-matchers/2.10.0/xmlunit-matchers-2.10.0.jar:/home/avishkar/.m2/repository/org/powermock/powermock-reflect/2.0.9/powermock-reflect-2.0.9.jar:/home/avishkar/.m2/repository/org/objenesis/objenesis/3.0.1/objenesis-3.0.1.jar:/home/avishkar/.m2/repository/net/bytebuddy/byte-buddy/1.10.14/byte-buddy-1.10.14.jar:/home/avishkar/.m2/repository/net/bytebuddy/byte-buddy-agent/1.10.14/byte-buddy-agent-1.10.14.jar:/home/avishkar/.m2/repository/org/hamcrest/hamcrest/3.0/hamcrest-3.0.jar:/home/avishkar/.m2/repository/junit/junit/4.13.2/junit-4.13.2.jar:/home/avishkar/.m2/repository/org/hamcrest/hamcrest-core/3.0/hamcrest-core-3.0.jar:"/>
    <property name="sun.cpu.endian" value="little"/>
    <property name="user.home" value="/home/avishkar"/>
    <property name="user.language" value="en"/>
    <property name="java.specification.vendor" value="Oracle Corporation"/>
    <property name="java.version.date" value="2025-01-21"/>
    <property name="java.home" value="/usr/lib/jvm/java-21-openjdk-amd64"/>
    <property name="file.separator" value="/"/>
    <property name="basedir" value="/opt/maven/apache-maven-3.9.9/maven-model-builder"/>
    <property name="java.vm.compressedOopsMode" value="32-bit"/>
    <property name="line.separator" value="&#10;"/>
    <property name="java.vm.specification.vendor" value="Oracle Corporation"/>
    <property name="java.specification.name" value="Java Platform API Specification"/>
    <property name="surefire.real.class.path" value="/opt/maven/apache-maven-3.9.9/maven-model-builder/target/surefire/surefirebooter-20250306185253086_27.jar"/>
    <property name="sun.management.compiler" value="HotSpot 64-Bit Tiered Compilers"/>
    <property name="java.runtime.version" value="21.0.6+7-Ubuntu-124.04.1"/>
    <property name="user.name" value="avishkar"/>
    <property name="stdout.encoding" value="UTF-8"/>
    <property name="path.separator" value=":"/>
    <property name="os.version" value="5.15.153.1-microsoft-standard-WSL2"/>
    <property name="java.runtime.name" value="OpenJDK Runtime Environment"/>
    <property name="file.encoding" value="UTF-8"/>
    <property name="java.vm.name" value="OpenJDK 64-Bit Server VM"/>
    <property name="localRepository" value="/home/avishkar/.m2/repository"/>
    <property name="java.vendor.url.bug" value="https://bugs.launchpad.net/ubuntu/+source/openjdk-21"/>
    <property name="java.io.tmpdir" value="/tmp"/>
    <property name="java.version" value="21.0.6"/>
    <property name="user.dir" value="/opt/maven/apache-maven-3.9.9/maven-model-builder"/>
    <property name="os.arch" value="amd64"/>
    <property name="java.vm.specification.name" value="Java Virtual Machine Specification"/>
    <property name="native.encoding" value="UTF-8"/>
    <property name="java.library.path" value="/usr/java/packages/lib:/usr/lib/x86_64-linux-gnu/jni:/lib/x86_64-linux-gnu:/usr/lib/x86_64-linux-gnu:/usr/lib/jni:/lib:/usr/lib"/>
    <property name="stderr.encoding" value="UTF-8"/>
    <property name="java.vm.info" value="mixed mode, sharing"/>
    <property name="java.vendor" value="Ubuntu"/>
    <property name="java.vm.version" value="21.0.6+7-Ubuntu-124.04.1"/>
    <property name="sun.io.unicode.encoding" value="UnicodeLittle"/>
    <property name="java.class.version" value="65.0"/>
  </properties>
  <testcase name="testCiFriendlyBad" classname="org.apache.maven.model.validation.DefaultModelValidatorTest" time="0.037"/>
  <testcase name="testCiFriendlyBadSha1Plus" classname="org.apache.maven.model.validation.DefaultModelValidatorTest" time="0.003"/>
  <testcase name="testBadVersion" classname="org.apache.maven.model.validation.DefaultModelValidatorTest" time="0.004"/>
  <testcase name="testDeprecatedDependencyMetaversionsLatestAndRelease" classname="org.apache.maven.model.validation.DefaultModelValidatorTest" time="0.005"/>
  <testcase name="testBadRepositoryId" classname="org.apache.maven.model.validation.DefaultModelValidatorTest" time="0.003"/>
  <testcase name="testCiFriendlyAllExpressions" classname="org.apache.maven.model.validation.DefaultModelValidatorTest" time="0.0"/>
  <testcase name="testMissingPluginDependencyGroupId" classname="org.apache.maven.model.validation.DefaultModelValidatorTest" time="0.007"/>
  <testcase name="testMissingDependencyManagementGroupId" classname="org.apache.maven.model.validation.DefaultModelValidatorTest" time="0.001"/>
  <testcase name="testMissingPluginDependencyVersion" classname="org.apache.maven.model.validation.DefaultModelValidatorTest" time="0.003"/>
  <testcase name="testMissingDependencyExclusionId" classname="org.apache.maven.model.validation.DefaultModelValidatorTest" time="0.001"/>
  <testcase name="testEmptyPluginVersion" classname="org.apache.maven.model.validation.DefaultModelValidatorTest" time="0.002"/>
  <testcase name="testCiFriendlyRevision" classname="org.apache.maven.model.validation.DefaultModelValidatorTest" time="0.004"/>
  <testcase name="testBadDependencyScope" classname="org.apache.maven.model.validation.DefaultModelValidatorTest" time="0.003"/>
  <testcase name="testDuplicateProfileId" classname="org.apache.maven.model.validation.DefaultModelValidatorTest" time="0.002"/>
  <testcase name="testMissingArtifactId" classname="org.apache.maven.model.validation.DefaultModelValidatorTest" time="0.001"/>
  <testcase name="testReservedRepositoryId" classname="org.apache.maven.model.validation.DefaultModelValidatorTest" time="0.002"/>
  <testcase name="testParentVersionRELEASE" classname="org.apache.maven.model.validation.DefaultModelValidatorTest" time="0.004"/>
  <testcase name="testRepositoryWithExpression" classname="org.apache.maven.model.validation.DefaultModelValidatorTest" time="0.002"/>
  <testcase name="testMissingRepositoryId" classname="org.apache.maven.model.validation.DefaultModelValidatorTest" time="0.003"/>
  <testcase name="testDuplicatePluginExecution" classname="org.apache.maven.model.validation.DefaultModelValidatorTest" time="0.004"/>
  <testcase name="testMissingReportPluginVersion" classname="org.apache.maven.model.validation.DefaultModelValidatorTest" time="0.004"/>
  <testcase name="testMissingAll" classname="org.apache.maven.model.validation.DefaultModelValidatorTest" time="0.002"/>
  <testcase name="testBadDependencyManagementScope" classname="org.apache.maven.model.validation.DefaultModelValidatorTest" time="0.002"/>
  <testcase name="testProfileActivationWithAllowedExpression" classname="org.apache.maven.model.validation.DefaultModelValidatorTest" time="0.053"/>
  <testcase name="testMissingDependencyManagementArtifactId" classname="org.apache.maven.model.validation.DefaultModelValidatorTest" time="0.002"/>
  <testcase name="testBadImportScopeType" classname="org.apache.maven.model.validation.DefaultModelValidatorTest" time="0.001"/>
  <testcase name="testProfileActivationFileWithProjectExpression" classname="org.apache.maven.model.validation.DefaultModelValidatorTest" time="0.003"/>
  <testcase name="testBadDependencyVersion" classname="org.apache.maven.model.validation.DefaultModelValidatorTest" time="0.002"/>
  <testcase name="testMissingPluginArtifactId" classname="org.apache.maven.model.validation.DefaultModelValidatorTest" time="0.001"/>
  <testcase name="testSelfReferencingDependencyInRawModel" classname="org.apache.maven.model.validation.DefaultModelValidatorTest" time="0.001"/>
  <testcase name="testMissingResourceDirectory" classname="org.apache.maven.model.validation.DefaultModelValidatorTest" time="0.003"/>
  <testcase name="testBadPluginDependencyScope" classname="org.apache.maven.model.validation.DefaultModelValidatorTest" time="0.002"/>
  <testcase name="testCiFriendlyChangeList" classname="org.apache.maven.model.validation.DefaultModelValidatorTest" time="0.003"/>
  <testcase name="testCiFriendlySha1" classname="org.apache.maven.model.validation.DefaultModelValidatorTest" time="0.001"/>
  <testcase name="testBadImportScopeClassifier" classname="org.apache.maven.model.validation.DefaultModelValidatorTest" time="0.001"/>
  <testcase name="testEmptyModule" classname="org.apache.maven.model.validation.DefaultModelValidatorTest" time="0.001"/>
  <testcase name="testDuplicateModule" classname="org.apache.maven.model.validation.DefaultModelValidatorTest" time="0.002"/>
  <testcase name="testCiFriendlyBadSha1Plus2" classname="org.apache.maven.model.validation.DefaultModelValidatorTest" time="0.001"/>
  <testcase name="testInvalidVersionInPluginManagement" classname="org.apache.maven.model.validation.DefaultModelValidatorTest" time="0.002"/>
  <testcase name="testHardCodedSystemPath" classname="org.apache.maven.model.validation.DefaultModelValidatorTest" time="0.002"/>
  <testcase name="testDuplicatePlugin" classname="org.apache.maven.model.validation.DefaultModelValidatorTest" time="0.001"/>
  <testcase name="testIncompleteParent" classname="org.apache.maven.model.validation.DefaultModelValidatorTest" time="0.002"/>
  <testcase name="testDistributionManagementStatus" classname="org.apache.maven.model.validation.DefaultModelValidatorTest" time="0.001"/>
  <testcase name="testMissingType" classname="org.apache.maven.model.validation.DefaultModelValidatorTest" time="0.001"/>
  <testcase name="testMissingDependencyGroupId" classname="org.apache.maven.model.validation.DefaultModelValidatorTest" time="0.001"/>
  <testcase name="testInvalidGroupAndArtifactIdInPluginManagement" classname="org.apache.maven.model.validation.DefaultModelValidatorTest" time="0.01"/>
  <testcase name="testSelfReferencingDependencyWithClassifierInRawModel" classname="org.apache.maven.model.validation.DefaultModelValidatorTest" time="0.002"/>
  <testcase name="testBadModelVersion" classname="org.apache.maven.model.validation.DefaultModelValidatorTest" time="0.002"/>
  <testcase name="testMissingDependencyVersion" classname="org.apache.maven.model.validation.DefaultModelValidatorTest" time="0.001"/>
  <testcase name="testMissingGroupId" classname="org.apache.maven.model.validation.DefaultModelValidatorTest" time="0.001"/>
  <testcase name="testMissingVersion" classname="org.apache.maven.model.validation.DefaultModelValidatorTest" time="0.002"/>
  <testcase name="testParentVersionLATEST" classname="org.apache.maven.model.validation.DefaultModelValidatorTest" time="0.001"/>
  <testcase name="testModelVersion40" classname="org.apache.maven.model.validation.DefaultModelValidatorTest" time="0.001"/>
  <testcase name="testInvalidGroupIdInPluginManagement" classname="org.apache.maven.model.validation.DefaultModelValidatorTest" time="0.001"/>
  <testcase name="testInvalidArtifactIdInPluginManagement" classname="org.apache.maven.model.validation.DefaultModelValidatorTest" time="0.001"/>
  <testcase name="testBadDependencyExclusionId" classname="org.apache.maven.model.validation.DefaultModelValidatorTest" time="0.003"/>
  <testcase name="testMissingDependencyArtifactId" classname="org.apache.maven.model.validation.DefaultModelValidatorTest" time="0.002"/>
  <testcase name="testMissingModelVersion" classname="org.apache.maven.model.validation.DefaultModelValidatorTest" time="0.001"/>
  <testcase name="testSystemPathRefersToProjectBasedir" classname="org.apache.maven.model.validation.DefaultModelValidatorTest" time="0.005"/>
  <testcase name="testInvalidAggregatorPackaging" classname="org.apache.maven.model.validation.DefaultModelValidatorTest" time="0.0"/>
  <testcase name="testBadSnapshotVersion" classname="org.apache.maven.model.validation.DefaultModelValidatorTest" time="0.001"/>
  <testcase name="testInvalidIds" classname="org.apache.maven.model.validation.DefaultModelValidatorTest" time="0.0"/>
  <testcase name="testBadPluginVersion" classname="org.apache.maven.model.validation.DefaultModelValidatorTest" time="0.002"/>
  <testcase name="testBadPluginDependencyVersion" classname="org.apache.maven.model.validation.DefaultModelValidatorTest" time="0.007"/>
  <testcase name="testProfileActivationPropertyWithProjectExpression" classname="org.apache.maven.model.validation.DefaultModelValidatorTest" time="0.0"/>
  <testcase name="testRepositoryWithBasedirExpression" classname="org.apache.maven.model.validation.DefaultModelValidatorTest" time="0.0"/>
  <testcase name="testMissingPluginDependencyArtifactId" classname="org.apache.maven.model.validation.DefaultModelValidatorTest" time="0.008"/>
</testsuite>